[02:09:24] [main/INFO]: Loading Minecraft 1.21.1 with Fabric Loader 0.18.2
[02:09:24] [ForkJoinPool-1-worker-2/WARN]: The mod "tcdcommons" contains invalid entries in its mod json:
- Unsupported root entry "" at line 27 column 4
- Unsupported root entry "" at line 27 column 198
- Unsupported root entry "" at line 29 column 4
- Unsupported root entry "" at line 29 column 24
[02:09:24] [main/INFO]: Loading 139 mods:
	- architectury 13.0.6
	- balm 21.0.56
	   \-- kuma_api 21.0.7
	- c2me 0.3.0+alpha.0.222+1.21.1
	   |-- c2me-base 0.3.0+alpha.0.222+1.21.1
	   |-- c2me-client-uncapvd 0.3.0+alpha.0.222+1.21.1
	   |-- c2me-fixes-chunkio-threading-issues 0.3.0+alpha.0.222+1.21.1
	   |-- c2me-fixes-general-threading-issues 0.3.0+alpha.0.222+1.21.1
	   |-- c2me-fixes-worldgen-threading-issues 0.3.0+alpha.0.222+1.21.1
	   |-- c2me-fixes-worldgen-vanilla-bugs 0.3.0+alpha.0.222+1.21.1
	   |-- c2me-notickvd 0.3.0+alpha.0.222+1.21.1
	   |-- c2me-opts-allocs 0.3.0+alpha.0.222+1.21.1
	   |-- c2me-opts-chunk-access 0.3.0+alpha.0.222+1.21.1
	   |-- c2me-opts-chunkio 0.3.0+alpha.0.222+1.21.1
	   |-- c2me-opts-math 0.3.0+alpha.0.222+1.21.1
	   |-- c2me-opts-scheduling 0.3.0+alpha.0.222+1.21.1
	   |-- c2me-opts-worldgen-general 0.3.0+alpha.0.222+1.21.1
	   |-- c2me-opts-worldgen-vanilla 0.3.0+alpha.0.222+1.21.1
	   |-- c2me-rewrites-chunk-serializer 0.3.0+alpha.0.222+1.21.1
	   |-- c2me-rewrites-chunk-system 0.3.0+alpha.0.222+1.21.1
	   |-- c2me-rewrites-chunkio 0.3.0+alpha.0.222+1.21.1
	   |-- c2me-server-utils 0.3.0+alpha.0.222+1.21.1
	   |-- c2me-threading-lighting 0.3.0+alpha.0.222+1.21.1
	   |-- com_ibm_async_asyncutil 0.1.0
	   |-- io_reactivex_rxjava3_rxjava 3.1.8
	   |-- mixinsquared 0.2.0-beta.6
	   |-- net_objecthunter_exp4j 0.4.8
	   |-- org_jctools_jctools-core 4.0.5
	   \-- org_reactivestreams_reactive-streams 1.0.4
	- cicada 0.8.3+1.21-and-above
	- cloth-config 15.0.140
	   \-- cloth-basic-math 0.6.1
	- collective 7.84
	- cropsloverain 2.1.1
	   \-- midnightlib 1.5.7
	- easyshulkerboxes 21.1.0
	   \-- iteminteractions 21.1.0
	- entityculling 1.7.0
	- fabric-api 0.105.0+1.21.1
	   |-- fabric-api-base 0.4.42+6573ed8c19
	   |-- fabric-api-lookup-api-v1 1.6.68+b559734419
	   |-- fabric-biome-api-v1 13.0.29+5bd9f1bc19
	   |-- fabric-block-api-v1 1.0.22+0af3f5a719
	   |-- fabric-block-view-api-v2 1.0.10+6573ed8c19
	   |-- fabric-blockrenderlayer-v1 1.1.52+0af3f5a719
	   |-- fabric-client-tags-api-v1 1.1.15+6573ed8c19
	   |-- fabric-command-api-v1 1.2.49+f71b366f19
	   |-- fabric-command-api-v2 2.2.28+6ced4dd919
	   |-- fabric-commands-v0 0.2.66+df3654b319
	   |-- fabric-content-registries-v0 8.0.16+b559734419
	   |-- fabric-convention-tags-v1 2.0.23+7f945d5b19
	   |-- fabric-convention-tags-v2 2.8.0+9d22c5fd19
	   |-- fabric-crash-report-info-v1 0.2.29+0af3f5a719
	   |-- fabric-data-attachment-api-v1 1.1.28+1daea21519
	   |-- fabric-data-generation-api-v1 20.2.20+16c4ae2519
	   |-- fabric-dimensions-v1 4.0.0+6fc22b9919
	   |-- fabric-entity-events-v1 1.7.0+2122d82819
	   |-- fabric-events-interaction-v0 0.7.13+ba9dae0619
	   |-- fabric-game-rule-api-v1 1.0.53+6ced4dd919
	   |-- fabric-item-api-v1 11.1.0+d5debaed19
	   |-- fabric-item-group-api-v1 4.1.5+3fc0e55219
	   |-- fabric-key-binding-api-v1 1.0.47+0af3f5a719
	   |-- fabric-keybindings-v0 0.2.45+df3654b319
	   |-- fabric-lifecycle-events-v1 2.3.12+6c1df36019
	   |-- fabric-loot-api-v2 3.0.14+3f89f5a519
	   |-- fabric-loot-api-v3 1.0.2+3f89f5a519
	   |-- fabric-message-api-v1 6.0.13+6573ed8c19
	   |-- fabric-model-loading-api-v1 2.0.0+fe474d6b19
	   |-- fabric-networking-api-v1 4.3.0+c7469b2119
	   |-- fabric-object-builder-api-v1 15.2.0+40875a9319
	   |-- fabric-particles-v1 4.0.2+6573ed8c19
	   |-- fabric-recipe-api-v1 5.0.13+6508971219
	   |-- fabric-registry-sync-v0 5.1.3+60c3209b19
	   |-- fabric-renderer-api-v1 3.4.0+c705a49c19
	   |-- fabric-renderer-indigo 1.7.0+c705a49c19
	   |-- fabric-renderer-registries-v1 3.2.68+df3654b319
	   |-- fabric-rendering-data-attachment-v1 0.3.48+73761d2e19
	   |-- fabric-rendering-fluids-v1 3.1.6+1daea21519
	   |-- fabric-rendering-v0 1.1.71+df3654b319
	   |-- fabric-rendering-v1 5.0.5+df16efd019
	   |-- fabric-resource-conditions-api-v1 4.3.0+8dc279b119
	   |-- fabric-resource-loader-v0 1.3.0+5659912919
	   |-- fabric-screen-api-v1 2.0.25+8b68f1c719
	   |-- fabric-screen-handler-api-v1 1.3.87+b559734419
	   |-- fabric-sound-api-v1 1.0.23+6573ed8c19
	   |-- fabric-transfer-api-v1 5.3.0+d831205f19
	   \-- fabric-transitive-access-wideners-v1 6.1.0+1daea21519
	- fabric-language-kotlin 1.12.3+kotlin.2.0.21
	   |-- org_jetbrains_kotlin_kotlin-reflect 2.0.21
	   |-- org_jetbrains_kotlin_kotlin-stdlib 2.0.21
	   |-- org_jetbrains_kotlin_kotlin-stdlib-jdk7 2.0.21
	   |-- org_jetbrains_kotlin_kotlin-stdlib-jdk8 2.0.21
	   |-- org_jetbrains_kotlinx_atomicfu-jvm 0.25.0
	   |-- org_jetbrains_kotlinx_kotlinx-coroutines-core-jvm 1.9.0
	   |-- org_jetbrains_kotlinx_kotlinx-coroutines-jdk8 1.9.0
	   |-- org_jetbrains_kotlinx_kotlinx-datetime-jvm 0.6.1
	   |-- org_jetbrains_kotlinx_kotlinx-io-bytestring-jvm 0.5.4
	   |-- org_jetbrains_kotlinx_kotlinx-io-core-jvm 0.5.4
	   |-- org_jetbrains_kotlinx_kotlinx-serialization-cbor-jvm 1.7.3
	   |-- org_jetbrains_kotlinx_kotlinx-serialization-core-jvm 1.7.3
	   \-- org_jetbrains_kotlinx_kotlinx-serialization-json-jvm 1.7.3
	- fabricloader 0.18.2
	   \-- mixinextras 0.5.0
	- ferritecore 7.0.0
	- forgeconfigapiport 21.1.1
	   |-- com_electronwill_night-config_core 3.8.0
	   \-- com_electronwill_night-config_toml 3.8.0
	- horsebuff 2.1.8
	- iceberg 1.2.7
	- jamlib 1.0.11+1.21
	   \-- blue_endless_jankson 1.2.3
	- java 21
	- lithium 0.13.1
	- minecraft 1.21.1
	- monolib 1.3.0
	- mr_dungeons_andtaverns 1-v4.4.4
	- mru 1.0.2+1.21+fabric
	- no-resource-pack-warnings 1.3.0
	- nochatreports 1.21-v2.8.0
	- noisium 2.3.0+mc1.21-1.21.1
	- octolib 0.4.2
	   \-- org_yaml_snakeyaml 2.2
	- owo 0.12.15+1.21
	   |-- io_wispforest_endec 0.1.5
	   |-- io_wispforest_endec_gson 0.1.3
	   |-- io_wispforest_endec_jankson 0.1.3
	   \-- io_wispforest_endec_netty 0.1.2
	- pickupnotifier 21.1.0
	- placeholder-api 2.4.1+1.21
	- puzzleslib 21.1.18
	- rightclickharvest 4.3.1+1.21
	- roughlyenoughitems 16.0.799
	   \-- error_notifier 1.0.11
	- skinshuffle 2.2.2+1.21
	   |-- com_konghq_unirest-java_standalone 3.11.9
	   |-- commons-validator_commons-validator 1.7
	   |-- org_jsoup_jsoup 1.16.1
	   |-- org_mineskin_java-client 1.2.4-SNAPSHOT
	   \-- spruceui 5.1.0+1.21
	- tcdcommons 3.12.3+fabric-1.21
	- threadtweak 0.1.5+mc1.21.1
	- toggleableitemframes 5.1.0-1.21.1
	- vmp 0.2.0+beta.7.168+1.21.1
	   \-- com_ibm_async_asyncutil 0.1.0
	- waystones 21.1.25
	- yet_another_config_lib_v3 3.5.0+1.21-fabric
	   |-- com_twelvemonkeys_common_common-image 3.10.0
	   |-- com_twelvemonkeys_common_common-io 3.10.0
	   |-- com_twelvemonkeys_common_common-lang 3.10.0
	   |-- com_twelvemonkeys_imageio_imageio-core 3.10.0
	   |-- com_twelvemonkeys_imageio_imageio-metadata 3.10.0
	   |-- com_twelvemonkeys_imageio_imageio-webp 3.10.0
	   |-- org_quiltmc_parsers_gson 0.2.1
	   \-- org_quiltmc_parsers_json 0.2.1
[02:09:24] [main/INFO]: SpongePowered MIXIN Subsystem Version=0.8.7 Source=file:/workspaces/mclc3/servidor_minecraft/libraries/net/fabricmc/sponge-mixin/0.16.5+mixin.0.8.7/sponge-mixin-0.16.5+mixin.0.8.7.jar Service=Knot/Fabric Env=SERVER
[02:09:24] [main/INFO]: Compatibility level set to JAVA_16
[02:09:24] [main/INFO]: Compatibility level set to JAVA_17
[02:09:24] [main/INFO]: Compatibility level set to JAVA_21
[02:09:25] [main/INFO]: Initializing com.ishland.c2me.base.mixin
[02:09:25] [main/INFO]: Global Executor Parallelism: 1 configured, 1 evaluated, 1 default evaluated
[02:09:25] [main/INFO]: Initializing com.ishland.c2me.fixes.chunkio.threading_issues.mixin
[02:09:25] [main/INFO]: Initializing com.ishland.c2me.fixes.general.threading_issues.mixin
[02:09:25] [main/INFO]: Initializing com.ishland.c2me.fixes.worldgen.threading_issues.mixin
[02:09:25] [main/INFO]: Initializing com.ishland.c2me.fixes.worldgen.vanilla_bugs.mixin
[02:09:25] [main/INFO]: Initializing com.ishland.c2me.notickvd.mixin
[02:09:25] [main/INFO]: Initializing com.ishland.c2me.opts.allocs.mixin
[02:09:25] [main/INFO]: Initializing com.ishland.c2me.opts.chunk_access.mixin
[02:09:25] [main/INFO]: Initializing com.ishland.c2me.opts.chunkio.mixin
[02:09:25] [main/INFO]: Initializing com.ishland.c2me.opts.math.mixin
[02:09:25] [main/INFO]: Initializing com.ishland.c2me.opts.scheduling.mixin
[02:09:25] [main/INFO]: Initializing com.ishland.c2me.opts.worldgen.general.mixin
[02:09:25] [main/INFO]: Initializing com.ishland.c2me.opts.worldgen.vanilla.mixin
[02:09:25] [main/INFO]: Initializing com.ishland.c2me.rewrites.chunk_serializer.mixin
[02:09:25] [main/INFO]: Disabling config ioSystem.gcFreeChunkSerializer: Incompatible with architectury@13.0.6 (*) (defined in c2me)
[02:09:25] [main/INFO]: Disabling com.ishland.c2me.rewrites.chunk_serializer.mixin
[02:09:25] [main/INFO]: Initializing com.ishland.c2me.rewrites.chunksystem.mixin
[02:09:25] [main/INFO]: Initializing com.ishland.c2me.rewrites.chunkio.mixin
[02:09:25] [main/INFO]: Initializing com.ishland.c2me.server.utils.mixin
[02:09:25] [main/INFO]: Initializing com.ishland.c2me.threading.lighting.mixin
[02:09:25] [main/WARN]: Reference map 'easyshulkerboxes.common.refmap.json' for easyshulkerboxes.common.mixins.json could not be read. If this is a development environment you can ignore this message
[02:09:25] [main/WARN]: Reference map 'easyshulkerboxes.fabric.refmap.json' for easyshulkerboxes.fabric.mixins.json could not be read. If this is a development environment you can ignore this message
[02:09:25] [main/WARN]: Reference map 'forgeconfigapiport.common.refmap.json' for forgeconfigapiport.common.mixins.json could not be read. If this is a development environment you can ignore this message
[02:09:25] [main/WARN]: Reference map 'iteminteractions.fabric.refmap.json' for iteminteractions.fabric.mixins.json could not be read. If this is a development environment you can ignore this message
[02:09:25] [main/INFO]: Loaded configuration file for Lithium: 144 options available, 1 override(s) found
[02:09:25] [main/WARN]: Reference map 'OctoLib-COMMON-common-refmap.json' for octolib.mixins.json could not be read. If this is a development environment you can ignore this message
[02:09:25] [main/WARN]: Reference map 'pickupnotifier.fabric.refmap.json' for pickupnotifier.fabric.mixins.json could not be read. If this is a development environment you can ignore this message
[02:09:25] [main/INFO]: Successfully started async appender with [ServerGuiConsole, SysOut, File]
[02:09:25] [main/WARN]: Error loading class: ca/spottedleaf/starlight/common/thread/SchedulingUtil (java.lang.ClassNotFoundException: ca/spottedleaf/starlight/common/thread/SchedulingUtil)
[02:09:25] [main/WARN]: Force-disabling mixin 'alloc.blockstate.StateMixin' as rule 'mixin.alloc.blockstate' (added by mods [ferritecore]) disables it and children
[02:09:25] [main/WARN]: Error loading class: net/minecraft/class_287 (java.lang.ClassNotFoundException: net/minecraft/class_287)
[02:09:25] [main/WARN]: @Mixin target net.minecraft.class_287 was not found owo.mixins.json:BufferBuilderAccessor from mod owo
[02:09:25] [main/WARN]: Error loading class: net/minecraft/class_437 (java.lang.ClassNotFoundException: net/minecraft/class_437)
[02:09:25] [main/WARN]: @Mixin target net.minecraft.class_437 was not found owo.mixins.json:ScreenAccessor from mod owo
[02:09:25] [main/WARN]: Error loading class: xyz/nucleoid/server/translations/impl/language/SystemDelegatedLanguage (java.lang.ClassNotFoundException: xyz/nucleoid/server/translations/impl/language/SystemDelegatedLanguage)
[02:09:26] [main/INFO]: Initializing MixinExtras via com.llamalad7.mixinextras.service.MixinExtrasServiceImpl(version=0.5.0).
[02:09:26] [main/INFO]: ThreadTweak config initialized
[02:09:32] [main/INFO]: Loading Collective version 7.84.
[02:09:32] [main/INFO]: Constructing common components for easyshulkerboxes:main
[02:09:33] [main/INFO]: Horse Buff Initialized
[02:09:33] [main/INFO]: Constructing common components for iteminteractions:main
[02:09:33] [main/INFO]: Initializing JamLib on Fabric
[02:09:33] [main/INFO]: Hello Fabric world!
[02:09:33] [main/INFO]: Hello from Common init on Fabric! we are currently in a production environment!
[02:09:33] [main/INFO]: The ID for diamonds is minecraft:diamond
[02:09:33] [main/INFO]: Hello to monolib
[02:09:33] [main/INFO]: Loading Noisium.
[02:09:33] [Cicada thread 0/INFO]: [cicada] Hello, anyone there?
[02:09:33] [main/INFO]: make a man a mod, he'll be enteratined for a few minutes - teach a man to mod, and he'll mald till the end of time
[02:09:33] [main/INFO]: Constructing common components for pickupnotifier:main
[02:09:33] [main/INFO]: Constructing common components for puzzleslib:main
[02:09:33] [main/INFO]: Updated config file at /workspaces/mclc3/servidor_minecraft/config/rightclickharvest.json5
[02:09:33] [main/INFO]: Initializing Right Click Harvest on FABRIC
[02:09:33] [main/INFO]: Registering C2S receiver with id roughlyenoughitems:request_tags_c2s
[02:09:33] [main/INFO]: [REI] Registered plugin provider DefaultPlugin [roughlyenoughitems] for REIPlugin
[02:09:33] [main/INFO]: [REI] Registered plugin provider DefaultRuntimePlugin [roughlyenoughitems] for REIPlugin
[02:09:33] [main/INFO]: [REI] Registered plugin provider DefaultPlugin [roughlyenoughitems] for REIServerPlugin
[02:09:33] [main/INFO]: [REI] Registered plugin provider DefaultRuntimePlugin [roughlyenoughitems] for REIServerPlugin
[02:09:33] [main/INFO]: [REI] Registered plugin provider FabricFluidAPISupportPlugin for REIServerPlugin
[02:09:33] [main/INFO]: [REI] Registered plugin provider FabricFluidAPISupportPlugin for REIPlugin
[02:09:33] [main/INFO]: Registering C2S receiver with id roughlyenoughitems:delete_item
[02:09:33] [main/INFO]: Registering C2S receiver with id roughlyenoughitems:create_item
[02:09:33] [main/INFO]: Registering C2S receiver with id roughlyenoughitems:create_item_grab
[02:09:33] [main/INFO]: Registering C2S receiver with id roughlyenoughitems:create_item_hotbar
[02:09:33] [main/INFO]: Registering C2S receiver with id roughlyenoughitems:move_items
[02:09:33] [main/INFO]: Registering C2S receiver with id roughlyenoughitems:move_items_new
[02:09:33] [main/INFO]: Initializing 'TCD Commons API' 3.12.3+fabric-1.21 as 'TCDCommonsServer'.
[02:09:33] [main/INFO]: Environment: Environment[sessionHost=https://sessionserver.mojang.com, servicesHost=https://api.minecraftservices.com, name=PROD]
[02:09:35] [main/INFO]: Loaded 1337 recipes
[02:09:35] [main/ERROR]: Couldn't load advancements: [minecraft:wander_add_map, minecraft:give_quest_trader_trade]
[02:09:35] [main/INFO]: Loaded 1480 advancements
[02:09:35] [main/INFO]: [REI] ----------------------------------------
[02:09:35] [main/INFO]: [REI] REIPlugin starting main-reload for START.
[02:09:35] [main/INFO]: [REI] Plugins (3):
[02:09:35] [main/INFO]: [REI]  - (-100.00) DefaultPlugin of DefaultPlugin [roughlyenoughitems]
[02:09:35] [main/INFO]: [REI]  - (0.00) FabricFluidAPISupportPlugin
[02:09:35] [main/INFO]: [REI]  - (0.00) DefaultRuntimePlugin of DefaultRuntimePlugin [roughlyenoughitems]
[02:09:35] [main/INFO]: [REI] ----------------------------------------
[02:09:35] [main/INFO]: [REI] ========================================
[02:09:35] [main/INFO]: [REI] REIServerPlugin starting main-reload for START.
[02:09:35] [main/INFO]: [REI] Plugins (3):
[02:09:35] [main/INFO]: [REI]  - (-100.00) DefaultPlugin of DefaultPlugin [roughlyenoughitems]
[02:09:35] [main/INFO]: [REI]  - (0.00) FabricFluidAPISupportPlugin
[02:09:35] [main/INFO]: [REI]  - (0.00) DefaultRuntimePlugin of DefaultRuntimePlugin [roughlyenoughitems]
[02:09:35] [main/INFO]: [REI] ========================================
[02:09:35] [main/INFO]: [REI] REIPlugin finished post-reload for START in 2.456 ms, totaling 40.17 ms.
[02:09:36] [main/INFO]: [REI] REIServerPlugin finished post-reload for START in 746.6 μs, totaling 8.482 ms.
[02:09:36] [main/INFO]: [REI] ~~~~~~~~~~~~~~~~~~~~~~~~~~~~~~~~~~~~~~~~
[02:09:36] [main/INFO]: [REI] REIPlugin starting main-reload for END.
[02:09:36] [main/INFO]: [REI] Plugins (3):
[02:09:36] [main/INFO]: [REI]  - (-100.00) DefaultPlugin of DefaultPlugin [roughlyenoughitems]
[02:09:36] [main/INFO]: [REI]  - (0.00) FabricFluidAPISupportPlugin
[02:09:36] [main/INFO]: [REI]  - (0.00) DefaultRuntimePlugin of DefaultRuntimePlugin [roughlyenoughitems]
[02:09:36] [main/INFO]: [REI] ~~~~~~~~~~~~~~~~~~~~~~~~~~~~~~~~~~~~~~~~
[02:09:36] [main/INFO]: [REI] @@@@@@@@@@@@@@@@@@@@@@@@@@@@@@@@@@@@@@@@
[02:09:36] [main/INFO]: [REI] REIServerPlugin starting main-reload for END.
[02:09:36] [main/INFO]: [REI] Plugins (3):
[02:09:36] [main/INFO]: [REI]  - (-100.00) DefaultPlugin of DefaultPlugin [roughlyenoughitems]
[02:09:36] [main/INFO]: [REI]  - (0.00) FabricFluidAPISupportPlugin
[02:09:36] [main/INFO]: [REI]  - (0.00) DefaultRuntimePlugin of DefaultRuntimePlugin [roughlyenoughitems]
[02:09:36] [main/INFO]: [REI] @@@@@@@@@@@@@@@@@@@@@@@@@@@@@@@@@@@@@@@@
[02:09:36] [main/INFO]: [REI] REIPlugin finished post-reload for END in 3.779 ms, totaling 33.20 ms.
[02:09:36] [main/INFO]: [REI] REIServerPlugin finished post-reload for END in 801.5 μs, totaling 5.601 ms.
[02:09:36] [main/INFO]: Applied 63 biome modifications to 63 of 64 new biomes in 11.93 ms
[02:09:36] [Server thread/INFO]: Dispatching loading event for config iteminteractions-server.toml
[02:09:36] [Server thread/INFO]: Dispatching loading event for config pickupnotifier/pickupnotifier-server.toml
[02:09:36] [Server thread/INFO]: Starting minecraft server version 1.21.1
[02:09:36] [Server thread/INFO]: Loading properties
[02:09:36] [Server thread/INFO]: Default game type: SURVIVAL
[02:09:36] [Server thread/INFO]: Generating keypair
[02:09:36] [Server thread/INFO]: Starting Minecraft server on *:25565
[02:09:37] [Server thread/INFO]: Using epoll channel type
[02:09:37] [Server thread/WARN]: **** SERVER IS RUNNING IN OFFLINE/INSECURE MODE!
[02:09:37] [Server thread/WARN]: The server will make no attempt to authenticate usernames. Beware.
[02:09:37] [Server thread/WARN]: While this makes the game possible to play without internet access, it also opens up the ability for hackers to connect with any username they choose.
[02:09:37] [Server thread/WARN]: To change this, set "online-mode" to "true" in the server.properties file.
[02:09:37] [Server thread/INFO]: Preparing level "world"
[02:09:37] [Server thread/INFO]: Enforcing safe world random access
[02:09:37] [Server thread/INFO]: Changing watch distance to 10
[02:09:37] [Server thread/INFO]: Using TheSpeedyObjectFactory with Unsafe
[02:09:40] [Server thread/INFO]: Changing watch distance to 10
[02:09:40] [Server thread/INFO]: Changing watch distance to 10
[02:09:40] [Server thread/INFO]: Preparing start region for dimension minecraft:overworld
[02:09:41] [c2me-worker-0/INFO]: Preparing spawn area: 0%
[02:09:41] [c2me-worker-0/INFO]: Preparing spawn area: 0%
[02:09:41] [c2me-worker-0/INFO]: Preparing spawn area: 0%
[02:09:41] [c2me-worker-0/INFO]: Preparing spawn area: 0%
[02:09:42] [c2me-worker-0/INFO]: Preparing spawn area: 0%
[02:09:42] [c2me-worker-0/INFO]: Preparing spawn area: 0%
[02:09:43] [c2me-worker-0/INFO]: Preparing spawn area: 0%
[02:09:43] [c2me-worker-0/INFO]: Preparing spawn area: 0%
[02:09:44] [c2me-worker-0/INFO]: Preparing spawn area: 0%
[02:09:44] [c2me-worker-0/INFO]: Preparing spawn area: 0%
[02:09:45] [c2me-worker-0/INFO]: Preparing spawn area: 0%
[02:09:45] [c2me-worker-0/INFO]: Preparing spawn area: 0%
[02:09:46] [c2me-worker-0/INFO]: Preparing spawn area: 0%
[02:09:46] [minecraft_overworld - Light/INFO]: Preparing spawn area: 0%
[02:09:46] [Server thread/INFO]: Time elapsed: 6784 ms
[02:09:46] [Server thread/INFO]: Done (9.773s)! For help, type "help"
[02:10:38] [Server thread/INFO]: Cevaz[/127.253.252.170:34707] logged in with entity id 10 at (-63.818726734356645, 66.0, -23.69498529404353)
[02:10:38] [Server thread/INFO]: Cevaz joined the game
[02:10:58] [Server thread/INFO]: Cevaz lost connection: Disconnected
[02:10:58] [Server thread/INFO]: Cevaz left the game
[02:20:30] [Server thread/INFO]: Cevaz[/127.253.252.170:45955] logged in with entity id 192 at (-63.818726734356645, 66.0, -23.69498529404353)
[02:20:30] [Server thread/INFO]: Cevaz joined the game
[02:22:36] [Server thread/INFO]: Cevaz lost connection: Disconnected
[02:22:36] [Server thread/INFO]: Cevaz left the game
[02:24:46] [Server thread/INFO]: Cevaz[/127.253.252.170:43991] logged in with entity id 807 at (-46.004428898439784, 68.0, -72.96741594918485)
[02:24:46] [Server thread/INFO]: Cevaz joined the game
[02:24:56] [Server thread/INFO]: Cevaz lost connection: Disconnected
[02:24:56] [Server thread/INFO]: Cevaz left the game
[02:27:35] [Server thread/INFO]: Stopping the server
[02:27:35] [Server thread/INFO]: Stopping server
[02:27:35] [Server thread/INFO]: Saving players
[02:27:35] [Server thread/INFO]: Saving worlds
[02:27:35] [Server thread/INFO]: ServerLevel[world]/minecraft:overworld: waiting for 841 chunks to unload
[02:27:35] [Server thread/INFO]: Saving chunks for level 'ServerLevel[world]'/minecraft:overworld
[02:27:35] [Server thread/INFO]: Saving chunks for level 'ServerLevel[world]'/minecraft:the_nether
[02:27:35] [Server thread/INFO]: Saving chunks for level 'ServerLevel[world]'/minecraft:the_end
[02:27:35] [Server thread/INFO]: ThreadedAnvilChunkStorage (world): All chunks are saved
[02:27:35] [Server thread/INFO]: ThreadedAnvilChunkStorage (DIM-1): All chunks are saved
[02:27:35] [Server thread/INFO]: ThreadedAnvilChunkStorage (DIM1): All chunks are saved
[02:27:35] [Server thread/INFO]: ThreadedAnvilChunkStorage: All dimensions are saved
[02:27:35] [C2ME Storage #3/INFO]: Storage thread Thread[#61,C2ME Storage #3,5,main] stopped
[02:27:35] [C2ME Storage #2/INFO]: Storage thread Thread[#60,C2ME Storage #2,5,main] stopped
[02:27:35] [C2ME Storage #1/INFO]: Storage thread Thread[#59,C2ME Storage #1,5,main] stopped
[02:27:35] [C2ME Storage #6/INFO]: Storage thread Thread[#66,C2ME Storage #6,5,main] stopped
[02:27:35] [C2ME Storage #5/INFO]: Storage thread Thread[#65,C2ME Storage #5,5,main] stopped
[02:27:35] [C2ME Storage #4/INFO]: Storage thread Thread[#64,C2ME Storage #4,5,main] stopped
[02:27:35] [C2ME Storage #9/INFO]: Storage thread Thread[#70,C2ME Storage #9,5,main] stopped
[02:27:35] [C2ME Storage #8/INFO]: Storage thread Thread[#69,C2ME Storage #8,5,main] stopped
[02:27:35] [C2ME Storage #7/INFO]: Storage thread Thread[#68,C2ME Storage #7,5,main] stopped
[02:27:35] [Server thread/INFO]: Dispatching unloading event for config iteminteractions-server.toml
[02:27:35] [Server thread/INFO]: Dispatching unloading event for config pickupnotifier/pickupnotifier-server.toml
