[02:09:33] [main/INFO] ========================================
[02:09:33] [main/INFO] Minecraft: 1.21.1
[02:09:33] [main/INFO] Side: server
[02:09:33] [main/INFO] Development: false
[02:09:33] [main/INFO] Version: 16.0.799
[02:09:33] [main/INFO] Loader:
[02:09:33] [main/INFO] - Fabric: 0.18.2
[02:09:33] [main/INFO] - Fabric API: 0.105.0+1.21.1
[02:09:33] [main/INFO] Dependencies:
[02:09:33] [main/INFO] - Cloth Config: 15.0.140
[02:09:33] [main/INFO] - Architectury: 13.0.6
[02:09:33] [main/INFO] Mixin: 0.8.7
[02:09:33] [main/INFO] OS: Linux 6.8.0-1030-azure (amd64)
[02:09:33] [main/INFO] Java: 21.0.10 (Ubuntu)
[02:09:33] [main/INFO] ========================================
[02:09:33] [main/INFO] Mods:
[02:09:33] [main/INFO] - architectury: 13.0.6
[02:09:33] [main/INFO] - balm: 21.0.56
[02:09:33] [main/INFO] - blue_endless_jankson: 1.2.3
[02:09:33] [main/INFO] - c2me: 0.3.0+alpha.0.222+1.21.1
[02:09:33] [main/INFO] - c2me-base: 0.3.0+alpha.0.222+1.21.1
[02:09:33] [main/INFO] - c2me-fixes-chunkio-threading-issues: 0.3.0+alpha.0.222+1.21.1
[02:09:33] [main/INFO] - c2me-fixes-general-threading-issues: 0.3.0+alpha.0.222+1.21.1
[02:09:33] [main/INFO] - c2me-fixes-worldgen-threading-issues: 0.3.0+alpha.0.222+1.21.1
[02:09:33] [main/INFO] - c2me-fixes-worldgen-vanilla-bugs: 0.3.0+alpha.0.222+1.21.1
[02:09:33] [main/INFO] - c2me-notickvd: 0.3.0+alpha.0.222+1.21.1
[02:09:33] [main/INFO] - c2me-opts-allocs: 0.3.0+alpha.0.222+1.21.1
[02:09:33] [main/INFO] - c2me-opts-chunk-access: 0.3.0+alpha.0.222+1.21.1
[02:09:33] [main/INFO] - c2me-opts-chunkio: 0.3.0+alpha.0.222+1.21.1
[02:09:33] [main/INFO] - c2me-opts-math: 0.3.0+alpha.0.222+1.21.1
[02:09:33] [main/INFO] - c2me-opts-scheduling: 0.3.0+alpha.0.222+1.21.1
[02:09:33] [main/INFO] - c2me-opts-worldgen-general: 0.3.0+alpha.0.222+1.21.1
[02:09:33] [main/INFO] - c2me-opts-worldgen-vanilla: 0.3.0+alpha.0.222+1.21.1
[02:09:33] [main/INFO] - c2me-rewrites-chunk-serializer: 0.3.0+alpha.0.222+1.21.1
[02:09:33] [main/INFO] - c2me-rewrites-chunk-system: 0.3.0+alpha.0.222+1.21.1
[02:09:33] [main/INFO] - c2me-rewrites-chunkio: 0.3.0+alpha.0.222+1.21.1
[02:09:33] [main/INFO] - c2me-server-utils: 0.3.0+alpha.0.222+1.21.1
[02:09:33] [main/INFO] - c2me-threading-lighting: 0.3.0+alpha.0.222+1.21.1
[02:09:33] [main/INFO] - cicada: 0.8.3+1.21-and-above
[02:09:33] [main/INFO] - cloth-basic-math: 0.6.1
[02:09:33] [main/INFO] - cloth-config: 15.0.140
[02:09:33] [main/INFO] - cloth-config: 15.0.140
[02:09:33] [main/INFO] - collective: 7.84
[02:09:33] [main/INFO] - com_electronwill_night-config_core: 3.8.0
[02:09:33] [main/INFO] - com_electronwill_night-config_toml: 3.8.0
[02:09:33] [main/INFO] - com_ibm_async_asyncutil: 0.1.0
[02:09:33] [main/INFO] - com_konghq_unirest-java_standalone: 3.11.9
[02:09:33] [main/INFO] - com_twelvemonkeys_common_common-image: 3.10.0
[02:09:33] [main/INFO] - com_twelvemonkeys_common_common-io: 3.10.0
[02:09:33] [main/INFO] - com_twelvemonkeys_common_common-lang: 3.10.0
[02:09:33] [main/INFO] - com_twelvemonkeys_imageio_imageio-core: 3.10.0
[02:09:33] [main/INFO] - com_twelvemonkeys_imageio_imageio-metadata: 3.10.0
[02:09:33] [main/INFO] - com_twelvemonkeys_imageio_imageio-webp: 3.10.0
[02:09:33] [main/INFO] - commons-validator_commons-validator: 1.7
[02:09:33] [main/INFO] - cropsloverain: 2.1.1
[02:09:33] [main/INFO] - easyshulkerboxes: 21.1.0
[02:09:33] [main/INFO] - entityculling: 1.7.0
[02:09:33] [main/INFO] - error_notifier: 1.0.11
[02:09:33] [main/INFO] - fabric-api: 0.105.0+1.21.1
[02:09:33] [main/INFO] - fabric-api: 0.105.0+1.21.1
[02:09:33] [main/INFO] - fabric-api-base: 0.4.42+6573ed8c19
[02:09:33] [main/INFO] - fabric-api-lookup-api-v1: 1.6.68+b559734419
[02:09:33] [main/INFO] - fabric-biome-api-v1: 13.0.29+5bd9f1bc19
[02:09:33] [main/INFO] - fabric-block-api-v1: 1.0.22+0af3f5a719
[02:09:33] [main/INFO] - fabric-block-view-api-v2: 1.0.10+6573ed8c19
[02:09:33] [main/INFO] - fabric-command-api-v1: 1.2.49+f71b366f19
[02:09:33] [main/INFO] - fabric-command-api-v2: 2.2.28+6ced4dd919
[02:09:33] [main/INFO] - fabric-commands-v0: 0.2.66+df3654b319
[02:09:33] [main/INFO] - fabric-content-registries-v0: 8.0.16+b559734419
[02:09:33] [main/INFO] - fabric-convention-tags-v1: 2.0.23+7f945d5b19
[02:09:33] [main/INFO] - fabric-convention-tags-v2: 2.8.0+9d22c5fd19
[02:09:33] [main/INFO] - fabric-crash-report-info-v1: 0.2.29+0af3f5a719
[02:09:33] [main/INFO] - fabric-data-attachment-api-v1: 1.1.28+1daea21519
[02:09:33] [main/INFO] - fabric-data-generation-api-v1: 20.2.20+16c4ae2519
[02:09:33] [main/INFO] - fabric-dimensions-v1: 4.0.0+6fc22b9919
[02:09:33] [main/INFO] - fabric-entity-events-v1: 1.7.0+2122d82819
[02:09:33] [main/INFO] - fabric-events-interaction-v0: 0.7.13+ba9dae0619
[02:09:33] [main/INFO] - fabric-game-rule-api-v1: 1.0.53+6ced4dd919
[02:09:33] [main/INFO] - fabric-item-api-v1: 11.1.0+d5debaed19
[02:09:33] [main/INFO] - fabric-item-group-api-v1: 4.1.5+3fc0e55219
[02:09:33] [main/INFO] - fabric-language-kotlin: 1.12.3+kotlin.2.0.21
[02:09:33] [main/INFO] - fabric-lifecycle-events-v1: 2.3.12+6c1df36019
[02:09:33] [main/INFO] - fabric-loot-api-v2: 3.0.14+3f89f5a519
[02:09:33] [main/INFO] - fabric-loot-api-v3: 1.0.2+3f89f5a519
[02:09:33] [main/INFO] - fabric-message-api-v1: 6.0.13+6573ed8c19
[02:09:33] [main/INFO] - fabric-networking-api-v1: 4.3.0+c7469b2119
[02:09:33] [main/INFO] - fabric-object-builder-api-v1: 15.2.0+40875a9319
[02:09:33] [main/INFO] - fabric-particles-v1: 4.0.2+6573ed8c19
[02:09:33] [main/INFO] - fabric-recipe-api-v1: 5.0.13+6508971219
[02:09:33] [main/INFO] - fabric-registry-sync-v0: 5.1.3+60c3209b19
[02:09:33] [main/INFO] - fabric-rendering-data-attachment-v1: 0.3.48+73761d2e19
[02:09:33] [main/INFO] - fabric-rendering-fluids-v1: 3.1.6+1daea21519
[02:09:33] [main/INFO] - fabric-resource-conditions-api-v1: 4.3.0+8dc279b119
[02:09:33] [main/INFO] - fabric-resource-loader-v0: 1.3.0+5659912919
[02:09:33] [main/INFO] - fabric-screen-handler-api-v1: 1.3.87+b559734419
[02:09:33] [main/INFO] - fabric-transfer-api-v1: 5.3.0+d831205f19
[02:09:33] [main/INFO] - fabric-transitive-access-wideners-v1: 6.1.0+1daea21519
[02:09:33] [main/INFO] - fabricloader: 0.18.2
[02:09:33] [main/INFO] - ferritecore: 7.0.0
[02:09:33] [main/INFO] - forgeconfigapiport: 21.1.1
[02:09:33] [main/INFO] - horsebuff: 2.1.8
[02:09:33] [main/INFO] - iceberg: 1.2.7
[02:09:33] [main/INFO] - io_reactivex_rxjava3_rxjava: 3.1.8
[02:09:33] [main/INFO] - io_wispforest_endec: 0.1.5
[02:09:33] [main/INFO] - io_wispforest_endec_gson: 0.1.3
[02:09:33] [main/INFO] - io_wispforest_endec_jankson: 0.1.3
[02:09:33] [main/INFO] - io_wispforest_endec_netty: 0.1.2
[02:09:33] [main/INFO] - iteminteractions: 21.1.0
[02:09:33] [main/INFO] - jamlib: 1.0.11+1.21
[02:09:33] [main/INFO] - java: 21
[02:09:33] [main/INFO] - kuma_api: 21.0.7
[02:09:33] [main/INFO] - lithium: 0.13.1
[02:09:33] [main/INFO] - midnightlib: 1.5.7
[02:09:33] [main/INFO] - minecraft: 1.21.1
[02:09:33] [main/INFO] - mixinextras: 0.5.0
[02:09:33] [main/INFO] - mixinsquared: 0.2.0-beta.6
[02:09:33] [main/INFO] - monolib: 1.3.0
[02:09:33] [main/INFO] - mr_dungeons_andtaverns: 1-v4.4.4
[02:09:33] [main/INFO] - mru: 1.0.2+1.21+fabric
[02:09:33] [main/INFO] - net_objecthunter_exp4j: 0.4.8
[02:09:33] [main/INFO] - no-resource-pack-warnings: 1.3.0
[02:09:33] [main/INFO] - nochatreports: 1.21-v2.8.0
[02:09:33] [main/INFO] - noisium: 2.3.0+mc1.21-1.21.1
[02:09:33] [main/INFO] - octolib: 0.4.2
[02:09:33] [main/INFO] - org_jctools_jctools-core: 4.0.5
[02:09:33] [main/INFO] - org_jetbrains_kotlin_kotlin-reflect: 2.0.21
[02:09:33] [main/INFO] - org_jetbrains_kotlin_kotlin-stdlib: 2.0.21
[02:09:33] [main/INFO] - org_jetbrains_kotlin_kotlin-stdlib-jdk7: 2.0.21
[02:09:33] [main/INFO] - org_jetbrains_kotlin_kotlin-stdlib-jdk8: 2.0.21
[02:09:33] [main/INFO] - org_jetbrains_kotlinx_atomicfu-jvm: 0.25.0
[02:09:33] [main/INFO] - org_jetbrains_kotlinx_kotlinx-coroutines-core-jvm: 1.9.0
[02:09:33] [main/INFO] - org_jetbrains_kotlinx_kotlinx-coroutines-jdk8: 1.9.0
[02:09:33] [main/INFO] - org_jetbrains_kotlinx_kotlinx-datetime-jvm: 0.6.1
[02:09:33] [main/INFO] - org_jetbrains_kotlinx_kotlinx-io-bytestring-jvm: 0.5.4
[02:09:33] [main/INFO] - org_jetbrains_kotlinx_kotlinx-io-core-jvm: 0.5.4
[02:09:33] [main/INFO] - org_jetbrains_kotlinx_kotlinx-serialization-cbor-jvm: 1.7.3
[02:09:33] [main/INFO] - org_jetbrains_kotlinx_kotlinx-serialization-core-jvm: 1.7.3
[02:09:33] [main/INFO] - org_jetbrains_kotlinx_kotlinx-serialization-json-jvm: 1.7.3
[02:09:33] [main/INFO] - org_jsoup_jsoup: 1.16.1
[02:09:33] [main/INFO] - org_mineskin_java-client: 1.2.4-SNAPSHOT
[02:09:33] [main/INFO] - org_quiltmc_parsers_gson: 0.2.1
[02:09:33] [main/INFO] - org_quiltmc_parsers_json: 0.2.1
[02:09:33] [main/INFO] - org_reactivestreams_reactive-streams: 1.0.4
[02:09:33] [main/INFO] - org_yaml_snakeyaml: 2.2
[02:09:33] [main/INFO] - owo: 0.12.15+1.21
[02:09:33] [main/INFO] - pickupnotifier: 21.1.0
[02:09:33] [main/INFO] - placeholder-api: 2.4.1+1.21
[02:09:33] [main/INFO] - puzzleslib: 21.1.18
[02:09:33] [main/INFO] - rightclickharvest: 4.3.1+1.21
[02:09:33] [main/INFO] - roughlyenoughitems: 16.0.799
[02:09:33] [main/INFO] - skinshuffle: 2.2.2+1.21
[02:09:33] [main/INFO] - tcdcommons: 3.12.3+fabric-1.21
[02:09:33] [main/INFO] - threadtweak: 0.1.5+mc1.21.1
[02:09:33] [main/INFO] - toggleableitemframes: 5.1.0-1.21.1
[02:09:33] [main/INFO] - vmp: 0.2.0+beta.7.168+1.21.1
[02:09:33] [main/INFO] - waystones: 21.1.25
[02:09:33] [main/INFO] - yet_another_config_lib_v3: 3.5.0+1.21-fabric
[02:09:33] [main/INFO] ========================================
[02:09:33] [main/INFO] [REI] Registered plugin provider DefaultPlugin [roughlyenoughitems] for REIPlugin
[02:09:33] [main/INFO] [REI] Registered plugin provider DefaultRuntimePlugin [roughlyenoughitems] for REIPlugin
[02:09:33] [main/INFO] [REI] Registered plugin provider DefaultPlugin [roughlyenoughitems] for REIServerPlugin
[02:09:33] [main/INFO] [REI] Registered plugin provider DefaultRuntimePlugin [roughlyenoughitems] for REIServerPlugin
[02:09:33] [main/INFO] [REI] Registered plugin provider FabricFluidAPISupportPlugin for REIServerPlugin
[02:09:33] [main/INFO] [REI] Registered plugin provider FabricFluidAPISupportPlugin for REIPlugin
[02:09:35] [Worker-Main-3/DEBUG] [REI] Processed 0 tags in 27.38 μs for minecraft:banner_pattern
[02:09:35] [Worker-Main-3/DEBUG] [REI] Processed 0 tags in 5.561 μs for minecraft:worldgen/world_preset
[02:09:35] [Worker-Main-1/DEBUG] [REI] Processed 5 tags in 559.5 μs for minecraft:game_event
[02:09:35] [Worker-Main-3/DEBUG] [REI] Processed 3 tags in 24.76 μs for minecraft:point_of_interest_type
[02:09:35] [Worker-Main-1/DEBUG] [REI] Processed 0 tags in 24.32 μs for minecraft:worldgen/structure
[02:09:35] [Worker-Main-3/DEBUG] [REI] Processed 0 tags in 17.09 μs for minecraft:damage_type
[02:09:35] [Worker-Main-1/DEBUG] [REI] Processed 5 tags in 37.77 μs for minecraft:fluid
[02:09:35] [Worker-Main-1/DEBUG] [REI] Processed 2 tags in 17.95 μs for minecraft:cat_variant
[02:09:35] [Worker-Main-1/DEBUG] [REI] Processed 0 tags in 24.82 μs for minecraft:enchantment
[02:09:35] [Worker-Main-1/DEBUG] [REI] Processed 0 tags in 78.07 μs for minecraft:worldgen/biome
[02:09:35] [Worker-Main-1/DEBUG] [REI] Processed 0 tags in 4.538 μs for minecraft:worldgen/flat_level_generator_preset
[02:09:35] [Worker-Main-1/DEBUG] [REI] Processed 0 tags in 5.310 μs for minecraft:painting_variant
[02:09:35] [Worker-Main-1/DEBUG] [REI] Processed 3 tags in 18.06 μs for minecraft:instrument
[02:09:35] [Worker-Main-2/DEBUG] [REI] Processed 268 tags in 2.897 ms for minecraft:block
[02:09:35] [Worker-Main-2/DEBUG] [REI] Processed 39 tags in 185.7 μs for minecraft:entity_type
[02:09:35] [Worker-Main-3/DEBUG] [REI] Processed 368 tags in 1.408 ms for minecraft:item
[02:09:35] [main/DEBUG] [REI] Starting Reload Plugins of stage null
java.lang.Throwable
	at knot//me.shedaniel.rei.impl.common.plugins.ReloadManagerImpl.reloadPlugins(ReloadManagerImpl.java:110)
	at knot//me.shedaniel.rei.RoughlyEnoughItemsCore.lambda$onInitialize$5(RoughlyEnoughItemsCore.java:163)
	at java.base/java.util.concurrent.CompletableFuture$UniRun.tryFire(CompletableFuture.java:787)
	at java.base/java.util.concurrent.CompletableFuture$Completion.run(CompletableFuture.java:482)
	at knot//net.minecraft.class_4014.method_18365(class_4014.java:69)
	at knot//net.minecraft.class_156.method_43498(class_156.java:1024)
	at knot//net.minecraft.class_156.method_43499(class_156.java:1012)
	at knot//net.minecraft.server.Main.main(Main.java:182)
	at net.fabricmc.loader.impl.game.minecraft.MinecraftGameProvider.launch(MinecraftGameProvider.java:514)
	at net.fabricmc.loader.impl.launch.knot.Knot.launch(Knot.java:72)
	at net.fabricmc.loader.impl.launch.knot.KnotServer.main(KnotServer.java:23)
	at net.fabricmc.loader.impl.launch.server.FabricServerLauncher.main(FabricServerLauncher.java:69)
	at net.fabricmc.installer.ServerLauncher.main(ServerLauncher.java:69)
[02:09:35] [main/DEBUG] [REI] ========================================
[02:09:35] [main/DEBUG] [REI] REIPlugin starting pre-reload for START.
[02:09:35] [main/DEBUG] [REI] Reloadables (7):
[02:09:35] [main/DEBUG] [REI]  - EntryTypeRegistryImpl
[02:09:35] [main/DEBUG] [REI]  - EntrySettingsAdapterRegistryImpl
[02:09:35] [main/DEBUG] [REI]  - RecipeManagerContextImpl
[02:09:35] [main/DEBUG] [REI]  - ItemComparatorRegistryImpl
[02:09:35] [main/DEBUG] [REI]  - FluidComparatorRegistryImpl
[02:09:35] [main/DEBUG] [REI]  - DisplaySerializerRegistryImpl
[02:09:35] [main/DEBUG] [REI]  - FluidSupportProviderImpl
[02:09:35] [main/DEBUG] [REI] Plugins (3):
[02:09:35] [main/DEBUG] [REI]  - (-100.00) DefaultPlugin of DefaultPlugin [roughlyenoughitems]
[02:09:35] [main/DEBUG] [REI]  - (0.00) FabricFluidAPISupportPlugin
[02:09:35] [main/DEBUG] [REI]  - (0.00) DefaultRuntimePlugin of DefaultRuntimePlugin [roughlyenoughitems]
[02:09:35] [main/DEBUG] [REI] ========================================
[02:09:35] [main/TRACE] [REI] [REIPlugin START] Reloading Section: "pre-register/"
[02:09:35] [main/TRACE] [REI] [REIPlugin START] Reloading Section: "pre-register/DefaultPlugin of DefaultPlugin [roughlyenoughitems]/"
[02:09:35] [main/TRACE] [REI] [REIPlugin START] Reloading Section: "pre-register/DefaultPlugin of DefaultPlugin [roughlyenoughitems]/" done in 1.016 ms
[02:09:35] [main/TRACE] [REI] [REIPlugin START] Reloading Section: "pre-register/FabricFluidAPISupportPlugin/"
[02:09:35] [main/TRACE] [REI] [REIPlugin START] Reloading Section: "pre-register/FabricFluidAPISupportPlugin/" done in 86.78 μs
[02:09:35] [main/TRACE] [REI] [REIPlugin START] Reloading Section: "pre-register/DefaultRuntimePlugin of DefaultRuntimePlugin [roughlyenoughitems]/"
[02:09:35] [main/TRACE] [REI] [REIPlugin START] Reloading Section: "pre-register/DefaultRuntimePlugin of DefaultRuntimePlugin [roughlyenoughitems]/" done in 88.22 μs
[02:09:35] [main/TRACE] [REI] [REIPlugin START] Reloading Section: "pre-register/" done in 13.16 ms
[02:09:35] [main/TRACE] [REI] [REIPlugin START] Reloading Section: "pre-stage/"
[02:09:35] [main/TRACE] [REI] [REIPlugin START] Reloading Section: "pre-stage/EntryTypeRegistryImpl/"
[02:09:35] [main/TRACE] [REI] [REIPlugin START] Reloading Section: "pre-stage/EntryTypeRegistryImpl/" done in 301.0 μs
[02:09:35] [main/TRACE] [REI] [REIPlugin START] Reloading Section: "pre-stage/EntrySettingsAdapterRegistryImpl/"
[02:09:35] [main/TRACE] [REI] [REIPlugin START] Reloading Section: "pre-stage/EntrySettingsAdapterRegistryImpl/" done in 82.54 μs
[02:09:35] [main/TRACE] [REI] [REIPlugin START] Reloading Section: "pre-stage/RecipeManagerContextImpl/"
[02:09:35] [main/TRACE] [REI] [REIPlugin START] Reloading Section: "pre-stage/RecipeManagerContextImpl/" done in 56.30 μs
[02:09:35] [main/TRACE] [REI] [REIPlugin START] Reloading Section: "pre-stage/ItemComparatorRegistryImpl/"
[02:09:35] [main/TRACE] [REI] [REIPlugin START] Reloading Section: "pre-stage/ItemComparatorRegistryImpl/" done in 72.48 μs
[02:09:35] [main/TRACE] [REI] [REIPlugin START] Reloading Section: "pre-stage/FluidComparatorRegistryImpl/"
[02:09:35] [main/TRACE] [REI] [REIPlugin START] Reloading Section: "pre-stage/FluidComparatorRegistryImpl/" done in 72.05 μs
[02:09:35] [main/TRACE] [REI] [REIPlugin START] Reloading Section: "pre-stage/DisplaySerializerRegistryImpl/"
[02:09:35] [main/TRACE] [REI] [REIPlugin START] Reloading Section: "pre-stage/DisplaySerializerRegistryImpl/" done in 77.90 μs
[02:09:35] [main/TRACE] [REI] [REIPlugin START] Reloading Section: "pre-stage/FluidSupportProviderImpl/"
[02:09:35] [main/TRACE] [REI] [REIPlugin START] Reloading Section: "pre-stage/FluidSupportProviderImpl/" done in 66.37 μs
[02:09:35] [main/TRACE] [REI] [REIPlugin START] Reloading Section: "pre-stage/" done in 1.868 ms
[02:09:35] [main/DEBUG] [REI] ========================================
[02:09:35] [main/DEBUG] [REI] REIPlugin finished pre-reload for START in 15.52 ms.
[02:09:35] [main/DEBUG] [REI] ========================================
[02:09:35] [main/DEBUG] [REI] ========================================
[02:09:35] [main/DEBUG] [REI] REIServerPlugin starting pre-reload for START.
[02:09:35] [main/DEBUG] [REI] Reloadables (2):
[02:09:35] [main/DEBUG] [REI]  - MenuInfoRegistryImpl
[02:09:35] [main/DEBUG] [REI]  - SlotAccessorRegistryImpl
[02:09:35] [main/DEBUG] [REI] Plugins (3):
[02:09:35] [main/DEBUG] [REI]  - (-100.00) DefaultPlugin of DefaultPlugin [roughlyenoughitems]
[02:09:35] [main/DEBUG] [REI]  - (0.00) FabricFluidAPISupportPlugin
[02:09:35] [main/DEBUG] [REI]  - (0.00) DefaultRuntimePlugin of DefaultRuntimePlugin [roughlyenoughitems]
[02:09:35] [main/DEBUG] [REI] ========================================
[02:09:35] [main/TRACE] [REI] [REIServerPlugin START] Reloading Section: "pre-register/"
[02:09:35] [main/TRACE] [REI] [REIServerPlugin START] Reloading Section: "pre-register/DefaultPlugin of DefaultPlugin [roughlyenoughitems]/"
[02:09:35] [main/TRACE] [REI] [REIServerPlugin START] Reloading Section: "pre-register/DefaultPlugin of DefaultPlugin [roughlyenoughitems]/" done in 60.31 μs
[02:09:35] [main/TRACE] [REI] [REIServerPlugin START] Reloading Section: "pre-register/FabricFluidAPISupportPlugin/"
[02:09:35] [main/TRACE] [REI] [REIServerPlugin START] Reloading Section: "pre-register/FabricFluidAPISupportPlugin/" done in 57.36 μs
[02:09:35] [main/TRACE] [REI] [REIServerPlugin START] Reloading Section: "pre-register/DefaultRuntimePlugin of DefaultRuntimePlugin [roughlyenoughitems]/"
[02:09:35] [main/TRACE] [REI] [REIServerPlugin START] Reloading Section: "pre-register/DefaultRuntimePlugin of DefaultRuntimePlugin [roughlyenoughitems]/" done in 67.28 μs
[02:09:35] [main/TRACE] [REI] [REIServerPlugin START] Reloading Section: "pre-register/" done in 629.9 μs
[02:09:35] [main/TRACE] [REI] [REIServerPlugin START] Reloading Section: "pre-stage/"
[02:09:35] [main/TRACE] [REI] [REIServerPlugin START] Reloading Section: "pre-stage/MenuInfoRegistryImpl/"
[02:09:35] [main/TRACE] [REI] [REIServerPlugin START] Reloading Section: "pre-stage/MenuInfoRegistryImpl/" done in 155.4 μs
[02:09:35] [main/TRACE] [REI] [REIServerPlugin START] Reloading Section: "pre-stage/SlotAccessorRegistryImpl/"
[02:09:35] [main/TRACE] [REI] [REIServerPlugin START] Reloading Section: "pre-stage/SlotAccessorRegistryImpl/" done in 146.5 μs
[02:09:35] [main/TRACE] [REI] [REIServerPlugin START] Reloading Section: "pre-stage/" done in 869.8 μs
[02:09:35] [main/DEBUG] [REI] ========================================
[02:09:35] [main/DEBUG] [REI] REIServerPlugin finished pre-reload for START in 2.053 ms.
[02:09:35] [main/DEBUG] [REI] ========================================
[02:09:35] [main/INFO] [REI] ----------------------------------------
[02:09:35] [main/INFO] [REI] REIPlugin starting main-reload for START.
[02:09:35] [main/DEBUG] [REI] Reloadables (7):
[02:09:35] [main/DEBUG] [REI]  - EntryTypeRegistryImpl
[02:09:35] [main/DEBUG] [REI]  - EntrySettingsAdapterRegistryImpl
[02:09:35] [main/DEBUG] [REI]  - RecipeManagerContextImpl
[02:09:35] [main/DEBUG] [REI]  - ItemComparatorRegistryImpl
[02:09:35] [main/DEBUG] [REI]  - FluidComparatorRegistryImpl
[02:09:35] [main/DEBUG] [REI]  - DisplaySerializerRegistryImpl
[02:09:35] [main/DEBUG] [REI]  - FluidSupportProviderImpl
[02:09:35] [main/INFO] [REI] Plugins (3):
[02:09:35] [main/INFO] [REI]  - (-100.00) DefaultPlugin of DefaultPlugin [roughlyenoughitems]
[02:09:35] [main/INFO] [REI]  - (0.00) FabricFluidAPISupportPlugin
[02:09:35] [main/INFO] [REI]  - (0.00) DefaultRuntimePlugin of DefaultRuntimePlugin [roughlyenoughitems]
[02:09:35] [main/INFO] [REI] ----------------------------------------
[02:09:35] [main/TRACE] [REI] [REIPlugin START] Reloading Section: "start-reload/"
[02:09:35] [main/TRACE] [REI] [REIPlugin START] Reloading Section: "start-reload/EntryTypeRegistryImpl/"
[02:09:35] [main/TRACE] [REI] [REIPlugin START] Reloading Section: "start-reload/EntryTypeRegistryImpl/" done in 91.52 μs
[02:09:35] [main/TRACE] [REI] [REIPlugin START] Reloading Section: "start-reload/EntrySettingsAdapterRegistryImpl/"
[02:09:35] [main/TRACE] [REI] [REIPlugin START] Reloading Section: "start-reload/EntrySettingsAdapterRegistryImpl/" done in 61.22 μs
[02:09:35] [main/TRACE] [REI] [REIPlugin START] Reloading Section: "start-reload/RecipeManagerContextImpl/"
[02:09:35] [main/TRACE] [REI] [REIPlugin START] Reloading Section: "start-reload/RecipeManagerContextImpl/" done in 54.35 μs
[02:09:35] [main/TRACE] [REI] [REIPlugin START] Reloading Section: "start-reload/ItemComparatorRegistryImpl/"
[02:09:35] [main/TRACE] [REI] [REIPlugin START] Reloading Section: "start-reload/ItemComparatorRegistryImpl/" done in 81.88 μs
[02:09:35] [main/TRACE] [REI] [REIPlugin START] Reloading Section: "start-reload/FluidComparatorRegistryImpl/"
[02:09:35] [main/TRACE] [REI] [REIPlugin START] Reloading Section: "start-reload/FluidComparatorRegistryImpl/" done in 156.3 μs
[02:09:35] [main/TRACE] [REI] [REIPlugin START] Reloading Section: "start-reload/DisplaySerializerRegistryImpl/"
[02:09:35] [main/TRACE] [REI] [REIPlugin START] Reloading Section: "start-reload/DisplaySerializerRegistryImpl/" done in 143.3 μs
[02:09:35] [main/TRACE] [REI] [REIPlugin START] Reloading Section: "start-reload/FluidSupportProviderImpl/"
[02:09:35] [main/TRACE] [REI] [REIPlugin START] Reloading Section: "start-reload/FluidSupportProviderImpl/" done in 143.2 μs
[02:09:35] [main/TRACE] [REI] [REIPlugin START] Reloading Section: "start-reload/" done in 2.162 ms
[02:09:35] [main/DEBUG] [REI] ========================================
[02:09:35] [main/DEBUG] [REI] REIPlugin started main-reload for START.
[02:09:35] [main/DEBUG] [REI] ========================================
[02:09:35] [main/TRACE] [REI] [REIPlugin START] Reloading Section: "reloadable-plugin/EntryTypeRegistryImpl/"
[02:09:35] [main/TRACE] [REI] [REIPlugin START] Reloading Section: "reloadable-plugin/EntryTypeRegistryImpl/DefaultPlugin of DefaultPlugin [roughlyenoughitems]/"
[02:09:35] [main/TRACE] [REI] [REIPlugin START] Reloading Section: "reloadable-plugin/EntryTypeRegistryImpl/DefaultPlugin of DefaultPlugin [roughlyenoughitems]/" done in 351.2 μs
[02:09:35] [main/TRACE] [REI] [REIPlugin START] Reloading Section: "reloadable-plugin/EntryTypeRegistryImpl/FabricFluidAPISupportPlugin/"
[02:09:35] [main/TRACE] [REI] [REIPlugin START] Reloading Section: "reloadable-plugin/EntryTypeRegistryImpl/FabricFluidAPISupportPlugin/" done in 55.98 μs
[02:09:35] [main/TRACE] [REI] [REIPlugin START] Reloading Section: "reloadable-plugin/EntryTypeRegistryImpl/DefaultRuntimePlugin of DefaultRuntimePlugin [roughlyenoughitems]/"
[02:09:35] [main/TRACE] [REI] [REIPlugin START] Reloading Section: "reloadable-plugin/EntryTypeRegistryImpl/DefaultRuntimePlugin of DefaultRuntimePlugin [roughlyenoughitems]/" done in 5.849 ms
[02:09:35] [main/TRACE] [REI] [REIPlugin START] Reloading Section: "reloadable-plugin/EntryTypeRegistryImpl/" done in 9.653 ms
[02:09:35] [main/TRACE] [REI] [REIPlugin START] Reloading Section: "reloadable-plugin/EntrySettingsAdapterRegistryImpl/"
[02:09:35] [main/TRACE] [REI] [REIPlugin START] Reloading Section: "reloadable-plugin/EntrySettingsAdapterRegistryImpl/DefaultPlugin of DefaultPlugin [roughlyenoughitems]/"
[02:09:35] [main/TRACE] [REI] [REIPlugin START] Reloading Section: "reloadable-plugin/EntrySettingsAdapterRegistryImpl/DefaultPlugin of DefaultPlugin [roughlyenoughitems]/" done in 50.88 μs
[02:09:35] [main/TRACE] [REI] [REIPlugin START] Reloading Section: "reloadable-plugin/EntrySettingsAdapterRegistryImpl/FabricFluidAPISupportPlugin/"
[02:09:35] [main/TRACE] [REI] [REIPlugin START] Reloading Section: "reloadable-plugin/EntrySettingsAdapterRegistryImpl/FabricFluidAPISupportPlugin/" done in 45.25 μs
[02:09:35] [main/TRACE] [REI] [REIPlugin START] Reloading Section: "reloadable-plugin/EntrySettingsAdapterRegistryImpl/DefaultRuntimePlugin of DefaultRuntimePlugin [roughlyenoughitems]/"
[02:09:35] [main/TRACE] [REI] [REIPlugin START] Reloading Section: "reloadable-plugin/EntrySettingsAdapterRegistryImpl/DefaultRuntimePlugin of DefaultRuntimePlugin [roughlyenoughitems]/" done in 50.37 μs
[02:09:35] [main/TRACE] [REI] [REIPlugin START] Reloading Section: "reloadable-plugin/EntrySettingsAdapterRegistryImpl/" done in 548.0 μs
[02:09:35] [main/TRACE] [REI] [REIPlugin START] Reloading Section: "reloadable-plugin/RecipeManagerContextImpl/"
[02:09:35] [main/TRACE] [REI] [REIPlugin START] Reloading Section: "reloadable-plugin/RecipeManagerContextImpl/DefaultPlugin of DefaultPlugin [roughlyenoughitems]/"
[02:09:35] [main/TRACE] [REI] [REIPlugin START] Reloading Section: "reloadable-plugin/RecipeManagerContextImpl/DefaultPlugin of DefaultPlugin [roughlyenoughitems]/" done in 47.08 μs
[02:09:35] [main/TRACE] [REI] [REIPlugin START] Reloading Section: "reloadable-plugin/RecipeManagerContextImpl/FabricFluidAPISupportPlugin/"
[02:09:35] [main/TRACE] [REI] [REIPlugin START] Reloading Section: "reloadable-plugin/RecipeManagerContextImpl/FabricFluidAPISupportPlugin/" done in 47.48 μs
[02:09:35] [main/TRACE] [REI] [REIPlugin START] Reloading Section: "reloadable-plugin/RecipeManagerContextImpl/DefaultRuntimePlugin of DefaultRuntimePlugin [roughlyenoughitems]/"
[02:09:35] [main/TRACE] [REI] [REIPlugin START] Reloading Section: "reloadable-plugin/RecipeManagerContextImpl/DefaultRuntimePlugin of DefaultRuntimePlugin [roughlyenoughitems]/" done in 47.42 μs
[02:09:35] [main/TRACE] [REI] [REIPlugin START] Reloading Section: "reloadable-plugin/RecipeManagerContextImpl/" done in 485.7 μs
[02:09:35] [main/TRACE] [REI] [REIPlugin START] Reloading Section: "reloadable-plugin/ItemComparatorRegistryImpl/"
[02:09:35] [main/TRACE] [REI] [REIPlugin START] Reloading Section: "reloadable-plugin/ItemComparatorRegistryImpl/DefaultPlugin of DefaultPlugin [roughlyenoughitems]/"
[02:09:35] [main/TRACE] [REI] [REIPlugin START] Reloading Section: "reloadable-plugin/ItemComparatorRegistryImpl/DefaultPlugin of DefaultPlugin [roughlyenoughitems]/" done in 803.8 μs
[02:09:35] [main/TRACE] [REI] [REIPlugin START] Reloading Section: "reloadable-plugin/ItemComparatorRegistryImpl/FabricFluidAPISupportPlugin/"
[02:09:35] [main/TRACE] [REI] [REIPlugin START] Reloading Section: "reloadable-plugin/ItemComparatorRegistryImpl/FabricFluidAPISupportPlugin/" done in 57.87 μs
[02:09:35] [main/TRACE] [REI] [REIPlugin START] Reloading Section: "reloadable-plugin/ItemComparatorRegistryImpl/DefaultRuntimePlugin of DefaultRuntimePlugin [roughlyenoughitems]/"
[02:09:35] [main/TRACE] [REI] [REIPlugin START] Reloading Section: "reloadable-plugin/ItemComparatorRegistryImpl/DefaultRuntimePlugin of DefaultRuntimePlugin [roughlyenoughitems]/" done in 52.05 μs
[02:09:35] [main/TRACE] [REI] [REIPlugin START] Reloading Section: "reloadable-plugin/ItemComparatorRegistryImpl/" done in 1.280 ms
[02:09:35] [main/TRACE] [REI] [REIPlugin START] Reloading Section: "reloadable-plugin/FluidComparatorRegistryImpl/"
[02:09:35] [main/TRACE] [REI] [REIPlugin START] Reloading Section: "reloadable-plugin/FluidComparatorRegistryImpl/DefaultPlugin of DefaultPlugin [roughlyenoughitems]/"
[02:09:35] [main/TRACE] [REI] [REIPlugin START] Reloading Section: "reloadable-plugin/FluidComparatorRegistryImpl/DefaultPlugin of DefaultPlugin [roughlyenoughitems]/" done in 57.61 μs
[02:09:35] [main/TRACE] [REI] [REIPlugin START] Reloading Section: "reloadable-plugin/FluidComparatorRegistryImpl/FabricFluidAPISupportPlugin/"
[02:09:35] [main/TRACE] [REI] [REIPlugin START] Reloading Section: "reloadable-plugin/FluidComparatorRegistryImpl/FabricFluidAPISupportPlugin/" done in 57.90 μs
[02:09:35] [main/TRACE] [REI] [REIPlugin START] Reloading Section: "reloadable-plugin/FluidComparatorRegistryImpl/DefaultRuntimePlugin of DefaultRuntimePlugin [roughlyenoughitems]/"
[02:09:35] [main/TRACE] [REI] [REIPlugin START] Reloading Section: "reloadable-plugin/FluidComparatorRegistryImpl/DefaultRuntimePlugin of DefaultRuntimePlugin [roughlyenoughitems]/" done in 52.63 μs
[02:09:35] [main/TRACE] [REI] [REIPlugin START] Reloading Section: "reloadable-plugin/FluidComparatorRegistryImpl/" done in 518.2 μs
[02:09:35] [main/TRACE] [REI] [REIPlugin START] Reloading Section: "reloadable-plugin/DisplaySerializerRegistryImpl/"
[02:09:35] [main/TRACE] [REI] [REIPlugin START] Reloading Section: "reloadable-plugin/DisplaySerializerRegistryImpl/DefaultPlugin of DefaultPlugin [roughlyenoughitems]/"
[02:09:35] [main/TRACE] [REI] [REIPlugin START] Reloading Section: "reloadable-plugin/DisplaySerializerRegistryImpl/DefaultPlugin of DefaultPlugin [roughlyenoughitems]/" done in 51.02 μs
[02:09:35] [main/TRACE] [REI] [REIPlugin START] Reloading Section: "reloadable-plugin/DisplaySerializerRegistryImpl/FabricFluidAPISupportPlugin/"
[02:09:35] [main/TRACE] [REI] [REIPlugin START] Reloading Section: "reloadable-plugin/DisplaySerializerRegistryImpl/FabricFluidAPISupportPlugin/" done in 48.55 μs
[02:09:35] [main/TRACE] [REI] [REIPlugin START] Reloading Section: "reloadable-plugin/DisplaySerializerRegistryImpl/DefaultRuntimePlugin of DefaultRuntimePlugin [roughlyenoughitems]/"
[02:09:35] [main/TRACE] [REI] [REIPlugin START] Reloading Section: "reloadable-plugin/DisplaySerializerRegistryImpl/DefaultRuntimePlugin of DefaultRuntimePlugin [roughlyenoughitems]/" done in 45.82 μs
[02:09:35] [main/TRACE] [REI] [REIPlugin START] Reloading Section: "reloadable-plugin/DisplaySerializerRegistryImpl/" done in 481.4 μs
[02:09:35] [main/TRACE] [REI] [REIPlugin START] Reloading Section: "reloadable-plugin/FluidSupportProviderImpl/"
[02:09:35] [main/TRACE] [REI] [REIPlugin START] Reloading Section: "reloadable-plugin/FluidSupportProviderImpl/DefaultPlugin of DefaultPlugin [roughlyenoughitems]/"
[02:09:35] [main/TRACE] [REI] [REIPlugin START] Reloading Section: "reloadable-plugin/FluidSupportProviderImpl/DefaultPlugin of DefaultPlugin [roughlyenoughitems]/" done in 355.8 μs
[02:09:35] [main/TRACE] [REI] [REIPlugin START] Reloading Section: "reloadable-plugin/FluidSupportProviderImpl/FabricFluidAPISupportPlugin/"
[02:09:35] [main/TRACE] [REI] [REIPlugin START] Reloading Section: "reloadable-plugin/FluidSupportProviderImpl/FabricFluidAPISupportPlugin/" done in 176.1 μs
[02:09:35] [main/TRACE] [REI] [REIPlugin START] Reloading Section: "reloadable-plugin/FluidSupportProviderImpl/DefaultRuntimePlugin of DefaultRuntimePlugin [roughlyenoughitems]/"
[02:09:35] [main/TRACE] [REI] [REIPlugin START] Reloading Section: "reloadable-plugin/FluidSupportProviderImpl/DefaultRuntimePlugin of DefaultRuntimePlugin [roughlyenoughitems]/" done in 47.47 μs
[02:09:35] [main/TRACE] [REI] [REIPlugin START] Reloading Section: "reloadable-plugin/FluidSupportProviderImpl/" done in 961.2 μs
[02:09:35] [main/DEBUG] [REI] ========================================
[02:09:35] [main/DEBUG] [REI] REIPlugin ending main-reload for START.
[02:09:35] [main/DEBUG] [REI] ========================================
[02:09:35] [main/TRACE] [REI] [REIPlugin START] Reloading Section: "end-reload/"
[02:09:35] [main/TRACE] [REI] [REIPlugin START] Reloading Section: "end-reload/EntryTypeRegistryImpl/"
[02:09:35] [main/TRACE] [REI] [REIPlugin START] Reloading Section: "end-reload/EntryTypeRegistryImpl/" done in 52.11 μs
[02:09:35] [main/TRACE] [REI] [REIPlugin START] Reloading Section: "end-reload/EntrySettingsAdapterRegistryImpl/"
[02:09:35] [main/TRACE] [REI] [REIPlugin START] Reloading Section: "end-reload/EntrySettingsAdapterRegistryImpl/" done in 33.15 μs
[02:09:35] [main/TRACE] [REI] [REIPlugin START] Reloading Section: "end-reload/RecipeManagerContextImpl/"
[02:09:35] [main/TRACE] [REI] [REIPlugin START] Reloading Section: "end-reload/RecipeManagerContextImpl/" done in 35.13 μs
[02:09:35] [main/TRACE] [REI] [REIPlugin START] Reloading Section: "end-reload/ItemComparatorRegistryImpl/"
[02:09:35] [main/TRACE] [REI] [REIPlugin START] Reloading Section: "end-reload/ItemComparatorRegistryImpl/" done in 47.91 μs
[02:09:35] [main/TRACE] [REI] [REIPlugin START] Reloading Section: "end-reload/FluidComparatorRegistryImpl/"
[02:09:35] [main/TRACE] [REI] [REIPlugin START] Reloading Section: "end-reload/FluidComparatorRegistryImpl/" done in 35.76 μs
[02:09:35] [main/TRACE] [REI] [REIPlugin START] Reloading Section: "end-reload/DisplaySerializerRegistryImpl/"
[02:09:35] [main/TRACE] [REI] [REIPlugin START] Reloading Section: "end-reload/DisplaySerializerRegistryImpl/" done in 41.56 μs
[02:09:35] [main/TRACE] [REI] [REIPlugin START] Reloading Section: "end-reload/FluidSupportProviderImpl/"
[02:09:35] [main/TRACE] [REI] [REIPlugin START] Reloading Section: "end-reload/FluidSupportProviderImpl/" done in 41.43 μs
[02:09:35] [main/TRACE] [REI] [REIPlugin START] Reloading Section: "end-reload/" done in 856.4 μs
[02:09:35] [main/DEBUG] [REI] ========================================
[02:09:35] [main/DEBUG] [REI] REIPlugin ended main-reload for START in 22.23 ms.
[02:09:35] [main/DEBUG] [REI] ========================================
[02:09:35] [main/INFO] [REI] ========================================
[02:09:35] [main/INFO] [REI] REIServerPlugin starting main-reload for START.
[02:09:35] [main/DEBUG] [REI] Reloadables (2):
[02:09:35] [main/DEBUG] [REI]  - MenuInfoRegistryImpl
[02:09:35] [main/DEBUG] [REI]  - SlotAccessorRegistryImpl
[02:09:35] [main/INFO] [REI] Plugins (3):
[02:09:35] [main/INFO] [REI]  - (-100.00) DefaultPlugin of DefaultPlugin [roughlyenoughitems]
[02:09:35] [main/INFO] [REI]  - (0.00) FabricFluidAPISupportPlugin
[02:09:35] [main/INFO] [REI]  - (0.00) DefaultRuntimePlugin of DefaultRuntimePlugin [roughlyenoughitems]
[02:09:35] [main/INFO] [REI] ========================================
[02:09:35] [main/TRACE] [REI] [REIServerPlugin START] Reloading Section: "start-reload/"
[02:09:35] [main/TRACE] [REI] [REIServerPlugin START] Reloading Section: "start-reload/MenuInfoRegistryImpl/"
[02:09:35] [main/TRACE] [REI] [REIServerPlugin START] Reloading Section: "start-reload/MenuInfoRegistryImpl/" done in 34.42 μs
[02:09:35] [main/TRACE] [REI] [REIServerPlugin START] Reloading Section: "start-reload/SlotAccessorRegistryImpl/"
[02:09:35] [main/TRACE] [REI] [REIServerPlugin START] Reloading Section: "start-reload/SlotAccessorRegistryImpl/" done in 30.40 μs
[02:09:35] [main/TRACE] [REI] [REIServerPlugin START] Reloading Section: "start-reload/" done in 274.5 μs
[02:09:35] [main/DEBUG] [REI] ========================================
[02:09:35] [main/DEBUG] [REI] REIServerPlugin started main-reload for START.
[02:09:35] [main/DEBUG] [REI] ========================================
[02:09:35] [main/TRACE] [REI] [REIServerPlugin START] Reloading Section: "reloadable-plugin/MenuInfoRegistryImpl/"
[02:09:35] [main/TRACE] [REI] [REIServerPlugin START] Reloading Section: "reloadable-plugin/MenuInfoRegistryImpl/DefaultPlugin of DefaultPlugin [roughlyenoughitems]/"
[02:09:35] [main/TRACE] [REI] [REIServerPlugin START] Reloading Section: "reloadable-plugin/MenuInfoRegistryImpl/DefaultPlugin of DefaultPlugin [roughlyenoughitems]/" done in 44.02 μs
[02:09:35] [main/TRACE] [REI] [REIServerPlugin START] Reloading Section: "reloadable-plugin/MenuInfoRegistryImpl/FabricFluidAPISupportPlugin/"
[02:09:35] [main/TRACE] [REI] [REIServerPlugin START] Reloading Section: "reloadable-plugin/MenuInfoRegistryImpl/FabricFluidAPISupportPlugin/" done in 69.40 μs
[02:09:35] [main/TRACE] [REI] [REIServerPlugin START] Reloading Section: "reloadable-plugin/MenuInfoRegistryImpl/DefaultRuntimePlugin of DefaultRuntimePlugin [roughlyenoughitems]/"
[02:09:35] [main/TRACE] [REI] [REIServerPlugin START] Reloading Section: "reloadable-plugin/MenuInfoRegistryImpl/DefaultRuntimePlugin of DefaultRuntimePlugin [roughlyenoughitems]/" done in 46.24 μs
[02:09:35] [main/TRACE] [REI] [REIServerPlugin START] Reloading Section: "reloadable-plugin/MenuInfoRegistryImpl/" done in 1.397 ms
[02:09:35] [main/TRACE] [REI] [REIServerPlugin START] Reloading Section: "reloadable-plugin/SlotAccessorRegistryImpl/"
[02:09:35] [main/TRACE] [REI] [REIServerPlugin START] Reloading Section: "reloadable-plugin/SlotAccessorRegistryImpl/DefaultPlugin of DefaultPlugin [roughlyenoughitems]/"
[02:09:35] [main/TRACE] [REI] [REIServerPlugin START] Reloading Section: "reloadable-plugin/SlotAccessorRegistryImpl/DefaultPlugin of DefaultPlugin [roughlyenoughitems]/" done in 36.23 μs
[02:09:35] [main/TRACE] [REI] [REIServerPlugin START] Reloading Section: "reloadable-plugin/SlotAccessorRegistryImpl/FabricFluidAPISupportPlugin/"
[02:09:35] [main/TRACE] [REI] [REIServerPlugin START] Reloading Section: "reloadable-plugin/SlotAccessorRegistryImpl/FabricFluidAPISupportPlugin/" done in 36.12 μs
[02:09:35] [main/TRACE] [REI] [REIServerPlugin START] Reloading Section: "reloadable-plugin/SlotAccessorRegistryImpl/DefaultRuntimePlugin of DefaultRuntimePlugin [roughlyenoughitems]/"
[02:09:35] [main/TRACE] [REI] [REIServerPlugin START] Reloading Section: "reloadable-plugin/SlotAccessorRegistryImpl/DefaultRuntimePlugin of DefaultRuntimePlugin [roughlyenoughitems]/" done in 35.41 μs
[02:09:35] [main/TRACE] [REI] [REIServerPlugin START] Reloading Section: "reloadable-plugin/SlotAccessorRegistryImpl/" done in 428.8 μs
[02:09:35] [main/DEBUG] [REI] ========================================
[02:09:35] [main/DEBUG] [REI] REIServerPlugin ending main-reload for START.
[02:09:35] [main/DEBUG] [REI] ========================================
[02:09:35] [main/TRACE] [REI] [REIServerPlugin START] Reloading Section: "end-reload/"
[02:09:35] [main/TRACE] [REI] [REIServerPlugin START] Reloading Section: "end-reload/MenuInfoRegistryImpl/"
[02:09:35] [main/TRACE] [REI] [REIServerPlugin START] Reloading Section: "end-reload/MenuInfoRegistryImpl/" done in 51.57 μs
[02:09:35] [main/TRACE] [REI] [REIServerPlugin START] Reloading Section: "end-reload/SlotAccessorRegistryImpl/"
[02:09:35] [main/TRACE] [REI] [REIServerPlugin START] Reloading Section: "end-reload/SlotAccessorRegistryImpl/" done in 39.48 μs
[02:09:35] [main/TRACE] [REI] [REIServerPlugin START] Reloading Section: "end-reload/" done in 1.809 ms
[02:09:35] [main/DEBUG] [REI] ========================================
[02:09:35] [main/DEBUG] [REI] REIServerPlugin ended main-reload for START in 5.706 ms.
[02:09:35] [main/DEBUG] [REI] ========================================
[02:09:35] [main/DEBUG] [REI] ========================================
[02:09:35] [main/DEBUG] [REI] REIPlugin starting post-reload for START.
[02:09:35] [main/DEBUG] [REI] Reloadables (7):
[02:09:35] [main/DEBUG] [REI]  - EntryTypeRegistryImpl
[02:09:35] [main/DEBUG] [REI]  - EntrySettingsAdapterRegistryImpl
[02:09:35] [main/DEBUG] [REI]  - RecipeManagerContextImpl
[02:09:35] [main/DEBUG] [REI]  - ItemComparatorRegistryImpl
[02:09:35] [main/DEBUG] [REI]  - FluidComparatorRegistryImpl
[02:09:35] [main/DEBUG] [REI]  - DisplaySerializerRegistryImpl
[02:09:35] [main/DEBUG] [REI]  - FluidSupportProviderImpl
[02:09:35] [main/DEBUG] [REI] Plugins (3):
[02:09:35] [main/DEBUG] [REI]  - (-100.00) DefaultPlugin of DefaultPlugin [roughlyenoughitems]
[02:09:35] [main/DEBUG] [REI]  - (0.00) FabricFluidAPISupportPlugin
[02:09:35] [main/DEBUG] [REI]  - (0.00) DefaultRuntimePlugin of DefaultRuntimePlugin [roughlyenoughitems]
[02:09:35] [main/DEBUG] [REI] ========================================
[02:09:35] [main/TRACE] [REI] [REIPlugin START] Reloading Section: "post-register/"
[02:09:35] [main/TRACE] [REI] [REIPlugin START] Reloading Section: "post-register/DefaultPlugin of DefaultPlugin [roughlyenoughitems]/"
[02:09:35] [main/TRACE] [REI] [REIPlugin START] Reloading Section: "post-register/DefaultPlugin of DefaultPlugin [roughlyenoughitems]/" done in 226.5 μs
[02:09:35] [main/TRACE] [REI] [REIPlugin START] Reloading Section: "post-register/FabricFluidAPISupportPlugin/"
[02:09:35] [main/TRACE] [REI] [REIPlugin START] Reloading Section: "post-register/FabricFluidAPISupportPlugin/" done in 39.74 μs
[02:09:35] [main/TRACE] [REI] [REIPlugin START] Reloading Section: "post-register/DefaultRuntimePlugin of DefaultRuntimePlugin [roughlyenoughitems]/"
[02:09:35] [main/TRACE] [REI] [REIPlugin START] Reloading Section: "post-register/DefaultRuntimePlugin of DefaultRuntimePlugin [roughlyenoughitems]/" done in 51.78 μs
[02:09:35] [main/TRACE] [REI] [REIPlugin START] Reloading Section: "post-register/" done in 1.127 ms
[02:09:35] [main/TRACE] [REI] [REIPlugin START] Reloading Section: "post-stage/"
[02:09:35] [main/TRACE] [REI] [REIPlugin START] Reloading Section: "post-stage/EntryTypeRegistryImpl/"
[02:09:35] [main/TRACE] [REI] [REIPlugin START] Reloading Section: "post-stage/EntryTypeRegistryImpl/" done in 44.25 μs
[02:09:35] [main/TRACE] [REI] [REIPlugin START] Reloading Section: "post-stage/EntrySettingsAdapterRegistryImpl/"
[02:09:35] [main/TRACE] [REI] [REIPlugin START] Reloading Section: "post-stage/EntrySettingsAdapterRegistryImpl/" done in 32.22 μs
[02:09:35] [main/TRACE] [REI] [REIPlugin START] Reloading Section: "post-stage/RecipeManagerContextImpl/"
[02:09:35] [main/TRACE] [REI] [REIPlugin START] Reloading Section: "post-stage/RecipeManagerContextImpl/" done in 41.23 μs
[02:09:35] [main/TRACE] [REI] [REIPlugin START] Reloading Section: "post-stage/ItemComparatorRegistryImpl/"
[02:09:35] [main/TRACE] [REI] [REIPlugin START] Reloading Section: "post-stage/ItemComparatorRegistryImpl/" done in 32.54 μs
[02:09:35] [main/TRACE] [REI] [REIPlugin START] Reloading Section: "post-stage/FluidComparatorRegistryImpl/"
[02:09:35] [main/TRACE] [REI] [REIPlugin START] Reloading Section: "post-stage/FluidComparatorRegistryImpl/" done in 74.36 μs
[02:09:35] [main/TRACE] [REI] [REIPlugin START] Reloading Section: "post-stage/DisplaySerializerRegistryImpl/"
[02:09:35] [main/TRACE] [REI] [REIPlugin START] Reloading Section: "post-stage/DisplaySerializerRegistryImpl/" done in 34.66 μs
[02:09:35] [main/TRACE] [REI] [REIPlugin START] Reloading Section: "post-stage/FluidSupportProviderImpl/"
[02:09:35] [main/TRACE] [REI] [REIPlugin START] Reloading Section: "post-stage/FluidSupportProviderImpl/" done in 31.70 μs
[02:09:35] [main/TRACE] [REI] [REIPlugin START] Reloading Section: "post-stage/" done in 1.219 ms
[02:09:35] [main/DEBUG] [REI] ========================================
[02:09:35] [main/INFO] [REI] REIPlugin finished post-reload for START in 2.456 ms, totaling 40.17 ms.
[02:09:35] [main/DEBUG] [REI] ========================================
[02:09:35] [main/DEBUG] [REI] ========================================
[02:09:35] [main/DEBUG] [REI] REIServerPlugin starting post-reload for START.
[02:09:35] [main/DEBUG] [REI] Reloadables (2):
[02:09:35] [main/DEBUG] [REI]  - MenuInfoRegistryImpl
[02:09:35] [main/DEBUG] [REI]  - SlotAccessorRegistryImpl
[02:09:35] [main/DEBUG] [REI] Plugins (3):
[02:09:35] [main/DEBUG] [REI]  - (-100.00) DefaultPlugin of DefaultPlugin [roughlyenoughitems]
[02:09:35] [main/DEBUG] [REI]  - (0.00) FabricFluidAPISupportPlugin
[02:09:36] [main/DEBUG] [REI]  - (0.00) DefaultRuntimePlugin of DefaultRuntimePlugin [roughlyenoughitems]
[02:09:36] [main/DEBUG] [REI] ========================================
[02:09:36] [main/TRACE] [REI] [REIServerPlugin START] Reloading Section: "post-register/"
[02:09:36] [main/TRACE] [REI] [REIServerPlugin START] Reloading Section: "post-register/DefaultPlugin of DefaultPlugin [roughlyenoughitems]/"
[02:09:36] [main/TRACE] [REI] [REIServerPlugin START] Reloading Section: "post-register/DefaultPlugin of DefaultPlugin [roughlyenoughitems]/" done in 26.56 μs
[02:09:36] [main/TRACE] [REI] [REIServerPlugin START] Reloading Section: "post-register/FabricFluidAPISupportPlugin/"
[02:09:36] [main/TRACE] [REI] [REIServerPlugin START] Reloading Section: "post-register/FabricFluidAPISupportPlugin/" done in 25.78 μs
[02:09:36] [main/TRACE] [REI] [REIServerPlugin START] Reloading Section: "post-register/DefaultRuntimePlugin of DefaultRuntimePlugin [roughlyenoughitems]/"
[02:09:36] [main/TRACE] [REI] [REIServerPlugin START] Reloading Section: "post-register/DefaultRuntimePlugin of DefaultRuntimePlugin [roughlyenoughitems]/" done in 40.35 μs
[02:09:36] [main/TRACE] [REI] [REIServerPlugin START] Reloading Section: "post-register/" done in 341.1 μs
[02:09:36] [main/TRACE] [REI] [REIServerPlugin START] Reloading Section: "post-stage/"
[02:09:36] [main/TRACE] [REI] [REIServerPlugin START] Reloading Section: "post-stage/MenuInfoRegistryImpl/"
[02:09:36] [main/TRACE] [REI] [REIServerPlugin START] Reloading Section: "post-stage/MenuInfoRegistryImpl/" done in 36.06 μs
[02:09:36] [main/TRACE] [REI] [REIServerPlugin START] Reloading Section: "post-stage/SlotAccessorRegistryImpl/"
[02:09:36] [main/TRACE] [REI] [REIServerPlugin START] Reloading Section: "post-stage/SlotAccessorRegistryImpl/" done in 33.26 μs
[02:09:36] [main/TRACE] [REI] [REIServerPlugin START] Reloading Section: "post-stage/" done in 274.6 μs
[02:09:36] [main/DEBUG] [REI] ========================================
[02:09:36] [main/INFO] [REI] REIServerPlugin finished post-reload for START in 746.6 μs, totaling 8.482 ms.
[02:09:36] [main/DEBUG] [REI] ========================================
[02:09:36] [main/DEBUG] [REI] ========================================
[02:09:36] [main/DEBUG] [REI] REIPlugin starting pre-reload for END.
[02:09:36] [main/DEBUG] [REI] Reloadables (7):
[02:09:36] [main/DEBUG] [REI]  - EntryTypeRegistryImpl
[02:09:36] [main/DEBUG] [REI]  - EntrySettingsAdapterRegistryImpl
[02:09:36] [main/DEBUG] [REI]  - RecipeManagerContextImpl
[02:09:36] [main/DEBUG] [REI]  - ItemComparatorRegistryImpl
[02:09:36] [main/DEBUG] [REI]  - FluidComparatorRegistryImpl
[02:09:36] [main/DEBUG] [REI]  - DisplaySerializerRegistryImpl
[02:09:36] [main/DEBUG] [REI]  - FluidSupportProviderImpl
[02:09:36] [main/DEBUG] [REI] Plugins (3):
[02:09:36] [main/DEBUG] [REI]  - (-100.00) DefaultPlugin of DefaultPlugin [roughlyenoughitems]
[02:09:36] [main/DEBUG] [REI]  - (0.00) FabricFluidAPISupportPlugin
[02:09:36] [main/DEBUG] [REI]  - (0.00) DefaultRuntimePlugin of DefaultRuntimePlugin [roughlyenoughitems]
[02:09:36] [main/DEBUG] [REI] ========================================
[02:09:36] [main/TRACE] [REI] [REIPlugin END] Reloading Section: "pre-register/"
[02:09:36] [main/TRACE] [REI] [REIPlugin END] Reloading Section: "pre-register/DefaultPlugin of DefaultPlugin [roughlyenoughitems]/"
[02:09:36] [main/TRACE] [REI] [REIPlugin END] Reloading Section: "pre-register/DefaultPlugin of DefaultPlugin [roughlyenoughitems]/" done in 27.44 μs
[02:09:36] [main/TRACE] [REI] [REIPlugin END] Reloading Section: "pre-register/FabricFluidAPISupportPlugin/"
[02:09:36] [main/TRACE] [REI] [REIPlugin END] Reloading Section: "pre-register/FabricFluidAPISupportPlugin/" done in 31.02 μs
[02:09:36] [main/TRACE] [REI] [REIPlugin END] Reloading Section: "pre-register/DefaultRuntimePlugin of DefaultRuntimePlugin [roughlyenoughitems]/"
[02:09:36] [main/TRACE] [REI] [REIPlugin END] Reloading Section: "pre-register/DefaultRuntimePlugin of DefaultRuntimePlugin [roughlyenoughitems]/" done in 37.34 μs
[02:09:36] [main/TRACE] [REI] [REIPlugin END] Reloading Section: "pre-register/" done in 329.7 μs
[02:09:36] [main/TRACE] [REI] [REIPlugin END] Reloading Section: "pre-stage/"
[02:09:36] [main/TRACE] [REI] [REIPlugin END] Reloading Section: "pre-stage/EntryTypeRegistryImpl/"
[02:09:36] [main/TRACE] [REI] [REIPlugin END] Reloading Section: "pre-stage/EntryTypeRegistryImpl/" done in 45.71 μs
[02:09:36] [main/TRACE] [REI] [REIPlugin END] Reloading Section: "pre-stage/EntrySettingsAdapterRegistryImpl/"
[02:09:36] [main/TRACE] [REI] [REIPlugin END] Reloading Section: "pre-stage/EntrySettingsAdapterRegistryImpl/" done in 43.83 μs
[02:09:36] [main/TRACE] [REI] [REIPlugin END] Reloading Section: "pre-stage/RecipeManagerContextImpl/"
[02:09:36] [main/TRACE] [REI] [REIPlugin END] Reloading Section: "pre-stage/RecipeManagerContextImpl/" done in 80.31 μs
[02:09:36] [main/TRACE] [REI] [REIPlugin END] Reloading Section: "pre-stage/ItemComparatorRegistryImpl/"
[02:09:36] [main/TRACE] [REI] [REIPlugin END] Reloading Section: "pre-stage/ItemComparatorRegistryImpl/" done in 47.72 μs
[02:09:36] [main/TRACE] [REI] [REIPlugin END] Reloading Section: "pre-stage/FluidComparatorRegistryImpl/"
[02:09:36] [main/TRACE] [REI] [REIPlugin END] Reloading Section: "pre-stage/FluidComparatorRegistryImpl/" done in 69.82 μs
[02:09:36] [main/TRACE] [REI] [REIPlugin END] Reloading Section: "pre-stage/DisplaySerializerRegistryImpl/"
[02:09:36] [main/TRACE] [REI] [REIPlugin END] Reloading Section: "pre-stage/DisplaySerializerRegistryImpl/" done in 42.03 μs
[02:09:36] [main/TRACE] [REI] [REIPlugin END] Reloading Section: "pre-stage/FluidSupportProviderImpl/"
[02:09:36] [main/TRACE] [REI] [REIPlugin END] Reloading Section: "pre-stage/FluidSupportProviderImpl/" done in 31.58 μs
[02:09:36] [main/TRACE] [REI] [REIPlugin END] Reloading Section: "pre-stage/" done in 1.326 ms
[02:09:36] [main/DEBUG] [REI] ========================================
[02:09:36] [main/DEBUG] [REI] REIPlugin finished pre-reload for END in 1.838 ms.
[02:09:36] [main/DEBUG] [REI] ========================================
[02:09:36] [main/DEBUG] [REI] ========================================
[02:09:36] [main/DEBUG] [REI] REIServerPlugin starting pre-reload for END.
[02:09:36] [main/DEBUG] [REI] Reloadables (2):
[02:09:36] [main/DEBUG] [REI]  - MenuInfoRegistryImpl
[02:09:36] [main/DEBUG] [REI]  - SlotAccessorRegistryImpl
[02:09:36] [main/DEBUG] [REI] Plugins (3):
[02:09:36] [main/DEBUG] [REI]  - (-100.00) DefaultPlugin of DefaultPlugin [roughlyenoughitems]
[02:09:36] [main/DEBUG] [REI]  - (0.00) FabricFluidAPISupportPlugin
[02:09:36] [main/DEBUG] [REI]  - (0.00) DefaultRuntimePlugin of DefaultRuntimePlugin [roughlyenoughitems]
[02:09:36] [main/DEBUG] [REI] ========================================
[02:09:36] [main/TRACE] [REI] [REIServerPlugin END] Reloading Section: "pre-register/"
[02:09:36] [main/TRACE] [REI] [REIServerPlugin END] Reloading Section: "pre-register/DefaultPlugin of DefaultPlugin [roughlyenoughitems]/"
[02:09:36] [main/TRACE] [REI] [REIServerPlugin END] Reloading Section: "pre-register/DefaultPlugin of DefaultPlugin [roughlyenoughitems]/" done in 30.15 μs
[02:09:36] [main/TRACE] [REI] [REIServerPlugin END] Reloading Section: "pre-register/FabricFluidAPISupportPlugin/"
[02:09:36] [main/TRACE] [REI] [REIServerPlugin END] Reloading Section: "pre-register/FabricFluidAPISupportPlugin/" done in 50.97 μs
[02:09:36] [main/TRACE] [REI] [REIServerPlugin END] Reloading Section: "pre-register/DefaultRuntimePlugin of DefaultRuntimePlugin [roughlyenoughitems]/"
[02:09:36] [main/TRACE] [REI] [REIServerPlugin END] Reloading Section: "pre-register/DefaultRuntimePlugin of DefaultRuntimePlugin [roughlyenoughitems]/" done in 30.46 μs
[02:09:36] [main/TRACE] [REI] [REIServerPlugin END] Reloading Section: "pre-register/" done in 357.4 μs
[02:09:36] [main/TRACE] [REI] [REIServerPlugin END] Reloading Section: "pre-stage/"
[02:09:36] [main/TRACE] [REI] [REIServerPlugin END] Reloading Section: "pre-stage/MenuInfoRegistryImpl/"
[02:09:36] [main/TRACE] [REI] [REIServerPlugin END] Reloading Section: "pre-stage/MenuInfoRegistryImpl/" done in 28.89 μs
[02:09:36] [main/TRACE] [REI] [REIServerPlugin END] Reloading Section: "pre-stage/SlotAccessorRegistryImpl/"
[02:09:36] [main/TRACE] [REI] [REIServerPlugin END] Reloading Section: "pre-stage/SlotAccessorRegistryImpl/" done in 32.00 μs
[02:09:36] [main/TRACE] [REI] [REIServerPlugin END] Reloading Section: "pre-stage/" done in 225.0 μs
[02:09:36] [main/DEBUG] [REI] ========================================
[02:09:36] [main/DEBUG] [REI] REIServerPlugin finished pre-reload for END in 819.4 μs.
[02:09:36] [main/DEBUG] [REI] ========================================
[02:09:36] [main/INFO] [REI] ~~~~~~~~~~~~~~~~~~~~~~~~~~~~~~~~~~~~~~~~
[02:09:36] [main/INFO] [REI] REIPlugin starting main-reload for END.
[02:09:36] [main/DEBUG] [REI] Reloadables (7):
[02:09:36] [main/DEBUG] [REI]  - EntryTypeRegistryImpl
[02:09:36] [main/DEBUG] [REI]  - EntrySettingsAdapterRegistryImpl
[02:09:36] [main/DEBUG] [REI]  - RecipeManagerContextImpl
[02:09:36] [main/DEBUG] [REI]  - ItemComparatorRegistryImpl
[02:09:36] [main/DEBUG] [REI]  - FluidComparatorRegistryImpl
[02:09:36] [main/DEBUG] [REI]  - DisplaySerializerRegistryImpl
[02:09:36] [main/DEBUG] [REI]  - FluidSupportProviderImpl
[02:09:36] [main/INFO] [REI] Plugins (3):
[02:09:36] [main/INFO] [REI]  - (-100.00) DefaultPlugin of DefaultPlugin [roughlyenoughitems]
[02:09:36] [main/INFO] [REI]  - (0.00) FabricFluidAPISupportPlugin
[02:09:36] [main/INFO] [REI]  - (0.00) DefaultRuntimePlugin of DefaultRuntimePlugin [roughlyenoughitems]
[02:09:36] [main/INFO] [REI] ~~~~~~~~~~~~~~~~~~~~~~~~~~~~~~~~~~~~~~~~
[02:09:36] [main/TRACE] [REI] [REIPlugin END] Reloading Section: "start-reload/"
[02:09:36] [main/TRACE] [REI] [REIPlugin END] Reloading Section: "start-reload/EntryTypeRegistryImpl/"
[02:09:36] [main/TRACE] [REI] [REIPlugin END] Reloading Section: "start-reload/EntryTypeRegistryImpl/" done in 41.78 μs
[02:09:36] [main/TRACE] [REI] [REIPlugin END] Reloading Section: "start-reload/EntrySettingsAdapterRegistryImpl/"
[02:09:36] [main/TRACE] [REI] [REIPlugin END] Reloading Section: "start-reload/EntrySettingsAdapterRegistryImpl/" done in 34.56 μs
[02:09:36] [main/TRACE] [REI] [REIPlugin END] Reloading Section: "start-reload/RecipeManagerContextImpl/"
[02:09:36] [main/TRACE] [REI] [REIPlugin END] Reloading Section: "start-reload/RecipeManagerContextImpl/" done in 27.44 μs
[02:09:36] [main/TRACE] [REI] [REIPlugin END] Reloading Section: "start-reload/ItemComparatorRegistryImpl/"
[02:09:36] [main/TRACE] [REI] [REIPlugin END] Reloading Section: "start-reload/ItemComparatorRegistryImpl/" done in 59.53 μs
[02:09:36] [main/TRACE] [REI] [REIPlugin END] Reloading Section: "start-reload/FluidComparatorRegistryImpl/"
[02:09:36] [main/TRACE] [REI] [REIPlugin END] Reloading Section: "start-reload/FluidComparatorRegistryImpl/" done in 84.80 μs
[02:09:36] [main/TRACE] [REI] [REIPlugin END] Reloading Section: "start-reload/DisplaySerializerRegistryImpl/"
[02:09:36] [main/TRACE] [REI] [REIPlugin END] Reloading Section: "start-reload/DisplaySerializerRegistryImpl/" done in 36.55 μs
[02:09:36] [main/TRACE] [REI] [REIPlugin END] Reloading Section: "start-reload/FluidSupportProviderImpl/"
[02:09:36] [main/TRACE] [REI] [REIPlugin END] Reloading Section: "start-reload/FluidSupportProviderImpl/" done in 28.65 μs
[02:09:36] [main/TRACE] [REI] [REIPlugin END] Reloading Section: "start-reload/" done in 1.594 ms
[02:09:36] [main/DEBUG] [REI] ========================================
[02:09:36] [main/DEBUG] [REI] REIPlugin started main-reload for END.
[02:09:36] [main/DEBUG] [REI] ========================================
[02:09:36] [main/TRACE] [REI] [REIPlugin END] Reloading Section: "reloadable-plugin/EntryTypeRegistryImpl/"
[02:09:36] [main/TRACE] [REI] [REIPlugin END] Reloading Section: "reloadable-plugin/EntryTypeRegistryImpl/DefaultPlugin of DefaultPlugin [roughlyenoughitems]/"
[02:09:36] [main/TRACE] [REI] [REIPlugin END] Reloading Section: "reloadable-plugin/EntryTypeRegistryImpl/DefaultPlugin of DefaultPlugin [roughlyenoughitems]/" done in 40.32 μs
[02:09:36] [main/TRACE] [REI] [REIPlugin END] Reloading Section: "reloadable-plugin/EntryTypeRegistryImpl/FabricFluidAPISupportPlugin/"
[02:09:36] [main/TRACE] [REI] [REIPlugin END] Reloading Section: "reloadable-plugin/EntryTypeRegistryImpl/FabricFluidAPISupportPlugin/" done in 31.96 μs
[02:09:36] [main/TRACE] [REI] [REIPlugin END] Reloading Section: "reloadable-plugin/EntryTypeRegistryImpl/DefaultRuntimePlugin of DefaultRuntimePlugin [roughlyenoughitems]/"
[02:09:36] [main/TRACE] [REI] [REIPlugin END] Reloading Section: "reloadable-plugin/EntryTypeRegistryImpl/DefaultRuntimePlugin of DefaultRuntimePlugin [roughlyenoughitems]/" done in 33.53 μs
[02:09:36] [main/TRACE] [REI] [REIPlugin END] Reloading Section: "reloadable-plugin/EntryTypeRegistryImpl/" done in 338.1 μs
[02:09:36] [main/TRACE] [REI] [REIPlugin END] Reloading Section: "reloadable-plugin/EntrySettingsAdapterRegistryImpl/"
[02:09:36] [main/TRACE] [REI] [REIPlugin END] Reloading Section: "reloadable-plugin/EntrySettingsAdapterRegistryImpl/DefaultPlugin of DefaultPlugin [roughlyenoughitems]/"
[02:09:36] [main/TRACE] [REI] [REIPlugin END] Reloading Section: "reloadable-plugin/EntrySettingsAdapterRegistryImpl/DefaultPlugin of DefaultPlugin [roughlyenoughitems]/" done in 42.47 μs
[02:09:36] [main/TRACE] [REI] [REIPlugin END] Reloading Section: "reloadable-plugin/EntrySettingsAdapterRegistryImpl/FabricFluidAPISupportPlugin/"
[02:09:36] [main/TRACE] [REI] [REIPlugin END] Reloading Section: "reloadable-plugin/EntrySettingsAdapterRegistryImpl/FabricFluidAPISupportPlugin/" done in 35.45 μs
[02:09:36] [main/TRACE] [REI] [REIPlugin END] Reloading Section: "reloadable-plugin/EntrySettingsAdapterRegistryImpl/DefaultRuntimePlugin of DefaultRuntimePlugin [roughlyenoughitems]/"
[02:09:36] [main/TRACE] [REI] [REIPlugin END] Reloading Section: "reloadable-plugin/EntrySettingsAdapterRegistryImpl/DefaultRuntimePlugin of DefaultRuntimePlugin [roughlyenoughitems]/" done in 34.05 μs
[02:09:36] [main/TRACE] [REI] [REIPlugin END] Reloading Section: "reloadable-plugin/EntrySettingsAdapterRegistryImpl/" done in 339.9 μs
[02:09:36] [main/TRACE] [REI] [REIPlugin END] Reloading Section: "reloadable-plugin/RecipeManagerContextImpl/"
[02:09:36] [main/TRACE] [REI] [REIPlugin END] Reloading Section: "reloadable-plugin/RecipeManagerContextImpl/DefaultPlugin of DefaultPlugin [roughlyenoughitems]/"
[02:09:36] [main/TRACE] [REI] [REIPlugin END] Reloading Section: "reloadable-plugin/RecipeManagerContextImpl/DefaultPlugin of DefaultPlugin [roughlyenoughitems]/" done in 32.54 μs
[02:09:36] [main/TRACE] [REI] [REIPlugin END] Reloading Section: "reloadable-plugin/RecipeManagerContextImpl/FabricFluidAPISupportPlugin/"
[02:09:36] [main/TRACE] [REI] [REIPlugin END] Reloading Section: "reloadable-plugin/RecipeManagerContextImpl/FabricFluidAPISupportPlugin/" done in 58.69 μs
[02:09:36] [main/TRACE] [REI] [REIPlugin END] Reloading Section: "reloadable-plugin/RecipeManagerContextImpl/DefaultRuntimePlugin of DefaultRuntimePlugin [roughlyenoughitems]/"
[02:09:36] [main/TRACE] [REI] [REIPlugin END] Reloading Section: "reloadable-plugin/RecipeManagerContextImpl/DefaultRuntimePlugin of DefaultRuntimePlugin [roughlyenoughitems]/" done in 30.22 μs
[02:09:36] [main/TRACE] [REI] [REIPlugin END] Reloading Section: "reloadable-plugin/RecipeManagerContextImpl/" done in 326.6 μs
[02:09:36] [main/TRACE] [REI] [REIPlugin END] Reloading Section: "reloadable-plugin/ItemComparatorRegistryImpl/"
[02:09:36] [main/TRACE] [REI] [REIPlugin END] Reloading Section: "reloadable-plugin/ItemComparatorRegistryImpl/DefaultPlugin of DefaultPlugin [roughlyenoughitems]/"
[02:09:36] [main/TRACE] [REI] [REIPlugin END] Reloading Section: "reloadable-plugin/ItemComparatorRegistryImpl/DefaultPlugin of DefaultPlugin [roughlyenoughitems]/" done in 31.80 μs
[02:09:36] [main/TRACE] [REI] [REIPlugin END] Reloading Section: "reloadable-plugin/ItemComparatorRegistryImpl/FabricFluidAPISupportPlugin/"
[02:09:36] [main/TRACE] [REI] [REIPlugin END] Reloading Section: "reloadable-plugin/ItemComparatorRegistryImpl/FabricFluidAPISupportPlugin/" done in 34.52 μs
[02:09:36] [main/TRACE] [REI] [REIPlugin END] Reloading Section: "reloadable-plugin/ItemComparatorRegistryImpl/DefaultRuntimePlugin of DefaultRuntimePlugin [roughlyenoughitems]/"
[02:09:36] [main/TRACE] [REI] [REIPlugin END] Reloading Section: "reloadable-plugin/ItemComparatorRegistryImpl/DefaultRuntimePlugin of DefaultRuntimePlugin [roughlyenoughitems]/" done in 38.69 μs
[02:09:36] [main/TRACE] [REI] [REIPlugin END] Reloading Section: "reloadable-plugin/ItemComparatorRegistryImpl/" done in 314.9 μs
[02:09:36] [main/TRACE] [REI] [REIPlugin END] Reloading Section: "reloadable-plugin/FluidComparatorRegistryImpl/"
[02:09:36] [main/TRACE] [REI] [REIPlugin END] Reloading Section: "reloadable-plugin/FluidComparatorRegistryImpl/DefaultPlugin of DefaultPlugin [roughlyenoughitems]/"
[02:09:36] [main/TRACE] [REI] [REIPlugin END] Reloading Section: "reloadable-plugin/FluidComparatorRegistryImpl/DefaultPlugin of DefaultPlugin [roughlyenoughitems]/" done in 37.55 μs
[02:09:36] [main/TRACE] [REI] [REIPlugin END] Reloading Section: "reloadable-plugin/FluidComparatorRegistryImpl/FabricFluidAPISupportPlugin/"
[02:09:36] [main/TRACE] [REI] [REIPlugin END] Reloading Section: "reloadable-plugin/FluidComparatorRegistryImpl/FabricFluidAPISupportPlugin/" done in 37.81 μs
[02:09:36] [main/TRACE] [REI] [REIPlugin END] Reloading Section: "reloadable-plugin/FluidComparatorRegistryImpl/DefaultRuntimePlugin of DefaultRuntimePlugin [roughlyenoughitems]/"
[02:09:36] [main/TRACE] [REI] [REIPlugin END] Reloading Section: "reloadable-plugin/FluidComparatorRegistryImpl/DefaultRuntimePlugin of DefaultRuntimePlugin [roughlyenoughitems]/" done in 36.02 μs
[02:09:36] [main/TRACE] [REI] [REIPlugin END] Reloading Section: "reloadable-plugin/FluidComparatorRegistryImpl/" done in 348.6 μs
[02:09:36] [main/TRACE] [REI] [REIPlugin END] Reloading Section: "reloadable-plugin/DisplaySerializerRegistryImpl/"
[02:09:36] [main/TRACE] [REI] [REIPlugin END] Reloading Section: "reloadable-plugin/DisplaySerializerRegistryImpl/DefaultPlugin of DefaultPlugin [roughlyenoughitems]/"
[02:09:36] [main/TRACE] [REI] [REIPlugin END] Reloading Section: "reloadable-plugin/DisplaySerializerRegistryImpl/DefaultPlugin of DefaultPlugin [roughlyenoughitems]/" done in 17.84 ms
[02:09:36] [main/TRACE] [REI] [REIPlugin END] Reloading Section: "reloadable-plugin/DisplaySerializerRegistryImpl/FabricFluidAPISupportPlugin/"
[02:09:36] [main/TRACE] [REI] [REIPlugin END] Reloading Section: "reloadable-plugin/DisplaySerializerRegistryImpl/FabricFluidAPISupportPlugin/" done in 44.79 μs
[02:09:36] [main/TRACE] [REI] [REIPlugin END] Reloading Section: "reloadable-plugin/DisplaySerializerRegistryImpl/DefaultRuntimePlugin of DefaultRuntimePlugin [roughlyenoughitems]/"
[02:09:36] [main/TRACE] [REI] [REIPlugin END] Reloading Section: "reloadable-plugin/DisplaySerializerRegistryImpl/DefaultRuntimePlugin of DefaultRuntimePlugin [roughlyenoughitems]/" done in 33.45 μs
[02:09:36] [main/TRACE] [REI] [REIPlugin END] Reloading Section: "reloadable-plugin/DisplaySerializerRegistryImpl/" done in 18.32 ms
[02:09:36] [main/TRACE] [REI] [REIPlugin END] Reloading Section: "reloadable-plugin/FluidSupportProviderImpl/"
[02:09:36] [main/TRACE] [REI] [REIPlugin END] Reloading Section: "reloadable-plugin/FluidSupportProviderImpl/DefaultPlugin of DefaultPlugin [roughlyenoughitems]/"
[02:09:36] [main/TRACE] [REI] [REIPlugin END] Reloading Section: "reloadable-plugin/FluidSupportProviderImpl/DefaultPlugin of DefaultPlugin [roughlyenoughitems]/" done in 25.34 μs
[02:09:36] [main/TRACE] [REI] [REIPlugin END] Reloading Section: "reloadable-plugin/FluidSupportProviderImpl/FabricFluidAPISupportPlugin/"
[02:09:36] [main/TRACE] [REI] [REIPlugin END] Reloading Section: "reloadable-plugin/FluidSupportProviderImpl/FabricFluidAPISupportPlugin/" done in 26.85 μs
[02:09:36] [main/TRACE] [REI] [REIPlugin END] Reloading Section: "reloadable-plugin/FluidSupportProviderImpl/DefaultRuntimePlugin of DefaultRuntimePlugin [roughlyenoughitems]/"
[02:09:36] [main/TRACE] [REI] [REIPlugin END] Reloading Section: "reloadable-plugin/FluidSupportProviderImpl/DefaultRuntimePlugin of DefaultRuntimePlugin [roughlyenoughitems]/" done in 25.19 μs
[02:09:36] [main/TRACE] [REI] [REIPlugin END] Reloading Section: "reloadable-plugin/FluidSupportProviderImpl/" done in 256.2 μs
[02:09:36] [main/DEBUG] [REI] ========================================
[02:09:36] [main/DEBUG] [REI] REIPlugin ending main-reload for END.
[02:09:36] [main/DEBUG] [REI] ========================================
[02:09:36] [main/TRACE] [REI] [REIPlugin END] Reloading Section: "end-reload/"
[02:09:36] [main/TRACE] [REI] [REIPlugin END] Reloading Section: "end-reload/EntryTypeRegistryImpl/"
[02:09:36] [main/TRACE] [REI] [REIPlugin END] Reloading Section: "end-reload/EntryTypeRegistryImpl/" done in 18.32 μs
[02:09:36] [main/TRACE] [REI] [REIPlugin END] Reloading Section: "end-reload/EntrySettingsAdapterRegistryImpl/"
[02:09:36] [main/TRACE] [REI] [REIPlugin END] Reloading Section: "end-reload/EntrySettingsAdapterRegistryImpl/" done in 18.11 μs
[02:09:36] [main/TRACE] [REI] [REIPlugin END] Reloading Section: "end-reload/RecipeManagerContextImpl/"
[02:09:36] [main/TRACE] [REI] [REIPlugin END] Reloading Section: "end-reload/RecipeManagerContextImpl/" done in 37.93 μs
[02:09:36] [main/TRACE] [REI] [REIPlugin END] Reloading Section: "end-reload/ItemComparatorRegistryImpl/"
[02:09:36] [main/TRACE] [REI] [REIPlugin END] Reloading Section: "end-reload/ItemComparatorRegistryImpl/" done in 31.53 μs
[02:09:36] [main/TRACE] [REI] [REIPlugin END] Reloading Section: "end-reload/FluidComparatorRegistryImpl/"
[02:09:36] [main/TRACE] [REI] [REIPlugin END] Reloading Section: "end-reload/FluidComparatorRegistryImpl/" done in 18.15 μs
[02:09:36] [main/TRACE] [REI] [REIPlugin END] Reloading Section: "end-reload/DisplaySerializerRegistryImpl/"
[02:09:36] [main/TRACE] [REI] [REIPlugin END] Reloading Section: "end-reload/DisplaySerializerRegistryImpl/" done in 17.37 μs
[02:09:36] [main/TRACE] [REI] [REIPlugin END] Reloading Section: "end-reload/FluidSupportProviderImpl/"
[02:09:36] [main/TRACE] [REI] [REIPlugin END] Reloading Section: "end-reload/FluidSupportProviderImpl/" done in 67.67 μs
[02:09:36] [main/TRACE] [REI] [REIPlugin END] Reloading Section: "end-reload/" done in 547.0 μs
[02:09:36] [main/DEBUG] [REI] ========================================
[02:09:36] [main/DEBUG] [REI] REIPlugin ended main-reload for END in 27.59 ms.
[02:09:36] [main/DEBUG] [REI] ========================================
[02:09:36] [main/INFO] [REI] @@@@@@@@@@@@@@@@@@@@@@@@@@@@@@@@@@@@@@@@
[02:09:36] [main/INFO] [REI] REIServerPlugin starting main-reload for END.
[02:09:36] [main/DEBUG] [REI] Reloadables (2):
[02:09:36] [main/DEBUG] [REI]  - MenuInfoRegistryImpl
[02:09:36] [main/DEBUG] [REI]  - SlotAccessorRegistryImpl
[02:09:36] [main/INFO] [REI] Plugins (3):
[02:09:36] [main/INFO] [REI]  - (-100.00) DefaultPlugin of DefaultPlugin [roughlyenoughitems]
[02:09:36] [main/INFO] [REI]  - (0.00) FabricFluidAPISupportPlugin
[02:09:36] [main/INFO] [REI]  - (0.00) DefaultRuntimePlugin of DefaultRuntimePlugin [roughlyenoughitems]
[02:09:36] [main/INFO] [REI] @@@@@@@@@@@@@@@@@@@@@@@@@@@@@@@@@@@@@@@@
[02:09:36] [main/TRACE] [REI] [REIServerPlugin END] Reloading Section: "start-reload/"
[02:09:36] [main/TRACE] [REI] [REIServerPlugin END] Reloading Section: "start-reload/MenuInfoRegistryImpl/"
[02:09:36] [main/TRACE] [REI] [REIServerPlugin END] Reloading Section: "start-reload/MenuInfoRegistryImpl/" done in 62.92 μs
[02:09:36] [main/TRACE] [REI] [REIServerPlugin END] Reloading Section: "start-reload/SlotAccessorRegistryImpl/"
[02:09:36] [main/TRACE] [REI] [REIServerPlugin END] Reloading Section: "start-reload/SlotAccessorRegistryImpl/" done in 32.11 μs
[02:09:36] [main/TRACE] [REI] [REIServerPlugin END] Reloading Section: "start-reload/" done in 291.6 μs
[02:09:36] [main/DEBUG] [REI] ========================================
[02:09:36] [main/DEBUG] [REI] REIServerPlugin started main-reload for END.
[02:09:36] [main/DEBUG] [REI] ========================================
[02:09:36] [main/TRACE] [REI] [REIServerPlugin END] Reloading Section: "reloadable-plugin/MenuInfoRegistryImpl/"
[02:09:36] [main/TRACE] [REI] [REIServerPlugin END] Reloading Section: "reloadable-plugin/MenuInfoRegistryImpl/DefaultPlugin of DefaultPlugin [roughlyenoughitems]/"
[02:09:36] [main/TRACE] [REI] [REIServerPlugin END] Reloading Section: "reloadable-plugin/MenuInfoRegistryImpl/DefaultPlugin of DefaultPlugin [roughlyenoughitems]/" done in 38.56 μs
[02:09:36] [main/TRACE] [REI] [REIServerPlugin END] Reloading Section: "reloadable-plugin/MenuInfoRegistryImpl/FabricFluidAPISupportPlugin/"
[02:09:36] [main/TRACE] [REI] [REIServerPlugin END] Reloading Section: "reloadable-plugin/MenuInfoRegistryImpl/FabricFluidAPISupportPlugin/" done in 30.88 μs
[02:09:36] [main/TRACE] [REI] [REIServerPlugin END] Reloading Section: "reloadable-plugin/MenuInfoRegistryImpl/DefaultRuntimePlugin of DefaultRuntimePlugin [roughlyenoughitems]/"
[02:09:36] [main/TRACE] [REI] [REIServerPlugin END] Reloading Section: "reloadable-plugin/MenuInfoRegistryImpl/DefaultRuntimePlugin of DefaultRuntimePlugin [roughlyenoughitems]/" done in 27.67 μs
[02:09:36] [main/TRACE] [REI] [REIServerPlugin END] Reloading Section: "reloadable-plugin/MenuInfoRegistryImpl/" done in 316.1 μs
[02:09:36] [main/TRACE] [REI] [REIServerPlugin END] Reloading Section: "reloadable-plugin/SlotAccessorRegistryImpl/"
[02:09:36] [main/TRACE] [REI] [REIServerPlugin END] Reloading Section: "reloadable-plugin/SlotAccessorRegistryImpl/DefaultPlugin of DefaultPlugin [roughlyenoughitems]/"
[02:09:36] [main/TRACE] [REI] [REIServerPlugin END] Reloading Section: "reloadable-plugin/SlotAccessorRegistryImpl/DefaultPlugin of DefaultPlugin [roughlyenoughitems]/" done in 36.40 μs
[02:09:36] [main/TRACE] [REI] [REIServerPlugin END] Reloading Section: "reloadable-plugin/SlotAccessorRegistryImpl/FabricFluidAPISupportPlugin/"
[02:09:36] [main/TRACE] [REI] [REIServerPlugin END] Reloading Section: "reloadable-plugin/SlotAccessorRegistryImpl/FabricFluidAPISupportPlugin/" done in 28.18 μs
[02:09:36] [main/TRACE] [REI] [REIServerPlugin END] Reloading Section: "reloadable-plugin/SlotAccessorRegistryImpl/DefaultRuntimePlugin of DefaultRuntimePlugin [roughlyenoughitems]/"
[02:09:36] [main/DEBUG] [REI] Added slot accessor serializer: me.shedaniel.rei.plugin.common.runtime.DefaultRuntimePlugin$1@7d1dd5b3 [roughlyenoughitems:vanilla]
[02:09:36] [main/DEBUG] [REI] Added slot accessor serializer: me.shedaniel.rei.plugin.common.runtime.DefaultRuntimePlugin$2@551e2d77 [roughlyenoughitems:player]
[02:09:36] [main/TRACE] [REI] [REIServerPlugin END] Reloading Section: "reloadable-plugin/SlotAccessorRegistryImpl/DefaultRuntimePlugin of DefaultRuntimePlugin [roughlyenoughitems]/" done in 1.424 ms
[02:09:36] [main/TRACE] [REI] [REIServerPlugin END] Reloading Section: "reloadable-plugin/SlotAccessorRegistryImpl/" done in 1.733 ms
[02:09:36] [main/DEBUG] [REI] ========================================
[02:09:36] [main/DEBUG] [REI] REIServerPlugin ending main-reload for END.
[02:09:36] [main/DEBUG] [REI] ========================================
[02:09:36] [main/TRACE] [REI] [REIServerPlugin END] Reloading Section: "end-reload/"
[02:09:36] [main/TRACE] [REI] [REIServerPlugin END] Reloading Section: "end-reload/MenuInfoRegistryImpl/"
[02:09:36] [main/DEBUG] [REI] Registered 0 menu infos
[02:09:36] [main/TRACE] [REI] [REIServerPlugin END] Reloading Section: "end-reload/MenuInfoRegistryImpl/" done in 131.5 μs
[02:09:36] [main/TRACE] [REI] [REIServerPlugin END] Reloading Section: "end-reload/SlotAccessorRegistryImpl/"
[02:09:36] [main/DEBUG] [REI] Registered 2 slot accessor serializers
[02:09:36] [main/TRACE] [REI] [REIServerPlugin END] Reloading Section: "end-reload/SlotAccessorRegistryImpl/" done in 114.7 μs
[02:09:36] [main/TRACE] [REI] [REIServerPlugin END] Reloading Section: "end-reload/" done in 499.3 μs
[02:09:36] [main/DEBUG] [REI] ========================================
[02:09:36] [main/DEBUG] [REI] REIServerPlugin ended main-reload for END in 4.016 ms.
[02:09:36] [main/DEBUG] [REI] ========================================
[02:09:36] [main/DEBUG] [REI] ========================================
[02:09:36] [main/DEBUG] [REI] REIPlugin starting post-reload for END.
[02:09:36] [main/DEBUG] [REI] Reloadables (7):
[02:09:36] [main/DEBUG] [REI]  - EntryTypeRegistryImpl
[02:09:36] [main/DEBUG] [REI]  - EntrySettingsAdapterRegistryImpl
[02:09:36] [main/DEBUG] [REI]  - RecipeManagerContextImpl
[02:09:36] [main/DEBUG] [REI]  - ItemComparatorRegistryImpl
[02:09:36] [main/DEBUG] [REI]  - FluidComparatorRegistryImpl
[02:09:36] [main/DEBUG] [REI]  - DisplaySerializerRegistryImpl
[02:09:36] [main/DEBUG] [REI]  - FluidSupportProviderImpl
[02:09:36] [main/DEBUG] [REI] Plugins (3):
[02:09:36] [main/DEBUG] [REI]  - (-100.00) DefaultPlugin of DefaultPlugin [roughlyenoughitems]
[02:09:36] [main/DEBUG] [REI]  - (0.00) FabricFluidAPISupportPlugin
[02:09:36] [main/DEBUG] [REI]  - (0.00) DefaultRuntimePlugin of DefaultRuntimePlugin [roughlyenoughitems]
[02:09:36] [main/DEBUG] [REI] ========================================
[02:09:36] [main/TRACE] [REI] [REIPlugin END] Reloading Section: "post-register/"
[02:09:36] [main/TRACE] [REI] [REIPlugin END] Reloading Section: "post-register/DefaultPlugin of DefaultPlugin [roughlyenoughitems]/"
[02:09:36] [main/TRACE] [REI] [REIPlugin END] Reloading Section: "post-register/DefaultPlugin of DefaultPlugin [roughlyenoughitems]/" done in 56.44 μs
[02:09:36] [main/TRACE] [REI] [REIPlugin END] Reloading Section: "post-register/FabricFluidAPISupportPlugin/"
[02:09:36] [main/TRACE] [REI] [REIPlugin END] Reloading Section: "post-register/FabricFluidAPISupportPlugin/" done in 44.80 μs
[02:09:36] [main/TRACE] [REI] [REIPlugin END] Reloading Section: "post-register/DefaultRuntimePlugin of DefaultRuntimePlugin [roughlyenoughitems]/"
[02:09:36] [main/TRACE] [REI] [REIPlugin END] Reloading Section: "post-register/DefaultRuntimePlugin of DefaultRuntimePlugin [roughlyenoughitems]/" done in 41.15 μs
[02:09:36] [main/TRACE] [REI] [REIPlugin END] Reloading Section: "post-register/" done in 540.8 μs
[02:09:36] [main/TRACE] [REI] [REIPlugin END] Reloading Section: "post-stage/"
[02:09:36] [main/TRACE] [REI] [REIPlugin END] Reloading Section: "post-stage/EntryTypeRegistryImpl/"
[02:09:36] [main/TRACE] [REI] [REIPlugin END] Reloading Section: "post-stage/EntryTypeRegistryImpl/" done in 40.74 μs
[02:09:36] [main/TRACE] [REI] [REIPlugin END] Reloading Section: "post-stage/EntrySettingsAdapterRegistryImpl/"
[02:09:36] [main/TRACE] [REI] [REIPlugin END] Reloading Section: "post-stage/EntrySettingsAdapterRegistryImpl/" done in 41.05 μs
[02:09:36] [main/TRACE] [REI] [REIPlugin END] Reloading Section: "post-stage/RecipeManagerContextImpl/"
[02:09:36] [main/TRACE] [REI] [REIPlugin END] Reloading Section: "post-stage/RecipeManagerContextImpl/" done in 41.01 μs
[02:09:36] [main/TRACE] [REI] [REIPlugin END] Reloading Section: "post-stage/ItemComparatorRegistryImpl/"
[02:09:36] [main/TRACE] [REI] [REIPlugin END] Reloading Section: "post-stage/ItemComparatorRegistryImpl/" done in 49.26 μs
[02:09:36] [main/TRACE] [REI] [REIPlugin END] Reloading Section: "post-stage/FluidComparatorRegistryImpl/"
[02:09:36] [main/TRACE] [REI] [REIPlugin END] Reloading Section: "post-stage/FluidComparatorRegistryImpl/" done in 41.11 μs
[02:09:36] [main/TRACE] [REI] [REIPlugin END] Reloading Section: "post-stage/DisplaySerializerRegistryImpl/"
[02:09:36] [main/TRACE] [REI] [REIPlugin END] Reloading Section: "post-stage/DisplaySerializerRegistryImpl/" done in 39.81 μs
[02:09:36] [main/TRACE] [REI] [REIPlugin END] Reloading Section: "post-stage/FluidSupportProviderImpl/"
[02:09:36] [main/TRACE] [REI] [REIPlugin END] Reloading Section: "post-stage/FluidSupportProviderImpl/" done in 2.119 ms
[02:09:36] [main/TRACE] [REI] [REIPlugin END] Reloading Section: "post-stage/" done in 3.095 ms
[02:09:36] [main/DEBUG] [REI] ========================================
[02:09:36] [main/INFO] [REI] REIPlugin finished post-reload for END in 3.779 ms, totaling 33.20 ms.
[02:09:36] [main/DEBUG] [REI] ========================================
[02:09:36] [main/DEBUG] [REI] ========================================
[02:09:36] [main/DEBUG] [REI] REIServerPlugin starting post-reload for END.
[02:09:36] [main/DEBUG] [REI] Reloadables (2):
[02:09:36] [main/DEBUG] [REI]  - MenuInfoRegistryImpl
[02:09:36] [main/DEBUG] [REI]  - SlotAccessorRegistryImpl
[02:09:36] [main/DEBUG] [REI] Plugins (3):
[02:09:36] [main/DEBUG] [REI]  - (-100.00) DefaultPlugin of DefaultPlugin [roughlyenoughitems]
[02:09:36] [main/DEBUG] [REI]  - (0.00) FabricFluidAPISupportPlugin
[02:09:36] [main/DEBUG] [REI]  - (0.00) DefaultRuntimePlugin of DefaultRuntimePlugin [roughlyenoughitems]
[02:09:36] [main/DEBUG] [REI] ========================================
[02:09:36] [main/TRACE] [REI] [REIServerPlugin END] Reloading Section: "post-register/"
[02:09:36] [main/TRACE] [REI] [REIServerPlugin END] Reloading Section: "post-register/DefaultPlugin of DefaultPlugin [roughlyenoughitems]/"
[02:09:36] [main/TRACE] [REI] [REIServerPlugin END] Reloading Section: "post-register/DefaultPlugin of DefaultPlugin [roughlyenoughitems]/" done in 39.33 μs
[02:09:36] [main/TRACE] [REI] [REIServerPlugin END] Reloading Section: "post-register/FabricFluidAPISupportPlugin/"
[02:09:36] [main/TRACE] [REI] [REIServerPlugin END] Reloading Section: "post-register/FabricFluidAPISupportPlugin/" done in 37.24 μs
[02:09:36] [main/TRACE] [REI] [REIServerPlugin END] Reloading Section: "post-register/DefaultRuntimePlugin of DefaultRuntimePlugin [roughlyenoughitems]/"
[02:09:36] [main/TRACE] [REI] [REIServerPlugin END] Reloading Section: "post-register/DefaultRuntimePlugin of DefaultRuntimePlugin [roughlyenoughitems]/" done in 58.87 μs
[02:09:36] [main/TRACE] [REI] [REIServerPlugin END] Reloading Section: "post-register/" done in 387.4 μs
[02:09:36] [main/TRACE] [REI] [REIServerPlugin END] Reloading Section: "post-stage/"
[02:09:36] [main/TRACE] [REI] [REIServerPlugin END] Reloading Section: "post-stage/MenuInfoRegistryImpl/"
[02:09:36] [main/TRACE] [REI] [REIServerPlugin END] Reloading Section: "post-stage/MenuInfoRegistryImpl/" done in 35.14 μs
[02:09:36] [main/TRACE] [REI] [REIServerPlugin END] Reloading Section: "post-stage/SlotAccessorRegistryImpl/"
[02:09:36] [main/TRACE] [REI] [REIServerPlugin END] Reloading Section: "post-stage/SlotAccessorRegistryImpl/" done in 64.12 μs
[02:09:36] [main/TRACE] [REI] [REIServerPlugin END] Reloading Section: "post-stage/" done in 279.4 μs
[02:09:36] [main/DEBUG] [REI] ========================================
[02:09:36] [main/INFO] [REI] REIServerPlugin finished post-reload for END in 801.5 μs, totaling 5.601 ms.
[02:09:36] [main/DEBUG] [REI] ========================================
